	Daily Scheduler
	 2023-02-28 10:30:07.667943
******* City - Adilabad ********
***** AQI Forecast********
***** Weather Forecast********
        Date Predictions
0 2023-03-01   27.282541
1 2023-03-02   28.870831
2 2023-03-03   30.050793
3 2023-03-04   30.967014
4 2023-03-05   31.701565
******* City - Nizamabad ********
***** AQI Forecast********
***** Weather Forecast********
        Date Predictions
0 2023-03-01   27.390385
1 2023-03-02   28.981548
2 2023-03-03   30.119623
3 2023-03-04   30.972355
4 2023-03-05   31.632353
******* City - Warangal ********
***** AQI Forecast********
***** Weather Forecast********
        Date Predictions
0 2023-03-01   24.532972
1 2023-03-02   26.638985
2 2023-03-03    28.18961
3 2023-03-04   29.376965
4 2023-03-05   30.311958
******* City - Karimnagar ********
***** AQI Forecast********
***** Weather Forecast********
        Date Predictions
0 2023-03-01   27.427876
1 2023-03-02   29.047005
2 2023-03-03   30.204357
3 2023-03-04   31.069551
4 2023-03-05   31.736834
******* City - Khammam ********
***** AQI Forecast********
***** Weather Forecast********
        Date Predictions
0 2023-03-01   25.070353
1 2023-03-02    27.20999
2 2023-03-03   28.786163
3 2023-03-04   29.991446
4 2023-03-05   30.938101
	Daily Scheduler
	 2023-02-28 11:33:06.377150
******* City - Adilabad ********
***** AQI Forecast********
***** Weather Forecast********
        Date Predictions
0 2023-03-01   27.614954
1 2023-03-02   28.606049
2 2023-03-03   29.325882
3 2023-03-04   29.861906
4 2023-03-05   30.268257
******* City - Nizamabad ********
***** AQI Forecast********
***** Weather Forecast********
        Date Predictions
0 2023-03-01   27.982813
1 2023-03-02   29.229195
2 2023-03-03   30.142515
3 2023-03-04   30.833639
4 2023-03-05   31.368874
******* City - Warangal ********
***** AQI Forecast********
***** Weather Forecast********
        Date Predictions
0 2023-03-01   25.521101
1 2023-03-02     27.2866
2 2023-03-03   28.588692
3 2023-03-04    29.58316
4 2023-03-05   30.361912
******* City - Karimnagar ********
***** AQI Forecast********
***** Weather Forecast********
        Date Predictions
0 2023-03-01    28.01848
1 2023-03-02   29.270937
2 2023-03-03   30.176966
3 2023-03-04   30.854364
4 2023-03-05   31.372835
******* City - Khammam ********
***** AQI Forecast********
***** Weather Forecast********
        Date Predictions
0 2023-03-01   26.187302
1 2023-03-02   28.161123
2 2023-03-03   29.636562
3 2023-03-04   30.780743
4 2023-03-05   31.691925
	Daily Scheduler
	 2023-02-28 11:50:07.018723
******* City - Adilabad ********
***** AQI Forecast********
***** Weather Forecast********
        Date Predictions
0 2023-03-01   27.930853
1 2023-03-02   29.173338
2 2023-03-03   30.108553
3 2023-03-04   30.836205
4 2023-03-05    31.41633
******* City - Nizamabad ********
***** AQI Forecast********
***** Weather Forecast********
        Date Predictions
0 2023-03-01   27.792513
1 2023-03-02   28.869373
2 2023-03-03   29.630888
3 2023-03-04   30.185633
4 2023-03-05   30.598196
******* City - Warangal ********
***** AQI Forecast********
***** Weather Forecast********
        Date Predictions
0 2023-03-01   25.519075
1 2023-03-02   27.329119
2 2023-03-03   28.693697
3 2023-03-04   29.757301
4 2023-03-05   30.606792
******* City - Karimnagar ********
***** AQI Forecast********
***** Weather Forecast********
        Date Predictions
0 2023-03-01   28.123528
1 2023-03-02   29.472769
2 2023-03-03   30.468596
3 2023-03-04   31.229605
4 2023-03-05   31.825979
******* City - Khammam ********
***** AQI Forecast********
***** Weather Forecast********
        Date Predictions
0 2023-03-01     26.1374
1 2023-03-02   28.046535
2 2023-03-03    29.45484
3 2023-03-04   30.533419
4 2023-03-05   31.381895
	Daily Scheduler
	 2023-02-28 17:17:07.632010
******* City - Adilabad ********
***** AQI Forecast********
***** Weather Forecast********
        Date Predictions
0 2023-03-01   32.590096
1 2023-03-02   32.703175
2 2023-03-03    32.79781
3 2023-03-04   32.877224
4 2023-03-05   32.944019
******* City - Nizamabad ********
***** AQI Forecast********
***** Weather Forecast********
        Date Predictions
0 2023-03-01   32.870789
1 2023-03-02   33.217964
2 2023-03-03   33.510551
3 2023-03-04   33.759266
4 2023-03-05   33.972202
******* City - Warangal ********
***** AQI Forecast********
***** Weather Forecast********
        Date Predictions
0 2023-03-01   28.656351
1 2023-03-02   29.589188
2 2023-03-03   30.328953
3 2023-03-04   30.925283
4 2023-03-05   31.412191
******* City - Karimnagar ********
***** AQI Forecast********
***** Weather Forecast********
        Date Predictions
0 2023-03-01   32.940437
1 2023-03-02   33.343517
2 2023-03-03   33.681866
3 2023-03-04   33.968643
4 2023-03-05    34.21368
******* City - Khammam ********
***** AQI Forecast********
***** Weather Forecast********
        Date Predictions
0 2023-03-01   30.056343
1 2023-03-02   31.029823
2 2023-03-03   31.811125
3 2023-03-04   32.448227
4 2023-03-05   32.974293
	Daily Scheduler
	 2023-02-28 17:30:06.582170
******* City - Adilabad ********
***** AQI Forecast********
***** Weather Forecast********
        Date Predictions
0 2023-03-01   32.747372
1 2023-03-02   32.994698
2 2023-03-03   33.204899
3 2023-03-04   33.384468
4 2023-03-05   33.538555
******* City - Nizamabad ********
***** AQI Forecast********
***** Weather Forecast********
        Date Predictions
0 2023-03-01   32.687149
1 2023-03-02    32.87941
2 2023-03-03   33.039169
3 2023-03-04   33.172512
4 2023-03-05    33.28421
******* City - Warangal ********
***** AQI Forecast********
***** Weather Forecast********
        Date Predictions
0 2023-03-01   28.758078
1 2023-03-02   29.769468
2 2023-03-03   30.572447
3 2023-03-04    31.22121
4 2023-03-05   31.752583
******* City - Karimnagar ********
***** AQI Forecast********
***** Weather Forecast********
        Date Predictions
0 2023-03-01   32.809601
1 2023-03-02   33.101994
2 2023-03-03    33.34494
3 2023-03-04   33.548267
4 2023-03-05    33.71946
******* City - Khammam ********
***** AQI Forecast********
***** Weather Forecast********
        Date Predictions
0 2023-03-01   29.973181
1 2023-03-02   30.864328
2 2023-03-03   31.567551
3 2023-03-04   32.131981
4 2023-03-05   32.590996
	Daily Scheduler
	 2023-02-28 18:30:06.128916
******* City - Adilabad ********
***** AQI Forecast********
***** Weather Forecast********
        Date Predictions
0 2023-03-01   32.991386
1 2023-03-02   33.195026
2 2023-03-03   33.367798
3 2023-03-04   33.515064
4 2023-03-05   33.641098
******* City - Nizamabad ********
***** AQI Forecast********
***** Weather Forecast********
        Date Predictions
0 2023-03-01   32.998367
1 2023-03-02   33.205719
2 2023-03-03   33.379875
3 2023-03-04   33.526886
4 2023-03-05   33.651497
******* City - Warangal ********
***** AQI Forecast********
***** Weather Forecast********
        Date Predictions
0 2023-03-01   28.691156
1 2023-03-02   29.488205
2 2023-03-03   30.118792
3 2023-03-04   30.624142
4 2023-03-05   31.033207
******* City - Karimnagar ********
***** AQI Forecast********
***** Weather Forecast********
        Date Predictions
0 2023-03-01    33.15094
1 2023-03-02   33.486404
2 2023-03-03    33.76963
3 2023-03-04   34.010563
4 2023-03-05   34.216816
******* City - Khammam ********
***** AQI Forecast********
***** Weather Forecast********
        Date Predictions
0 2023-03-01   30.238621
1 2023-03-02   31.143307
2 2023-03-03   31.866541
3 2023-03-04   32.453976
4 2023-03-05   32.937111
	Daily Scheduler
	 2023-02-28 19:30:04.656799
******* City - Adilabad ********
***** AQI Forecast********
***** Weather Forecast********
        Date Predictions
0 2023-03-01   32.968845
1 2023-03-02   33.203934
2 2023-03-03   33.404999
3 2023-03-04   33.577839
4 2023-03-05   33.727062
******* City - Nizamabad ********
***** AQI Forecast********
***** Weather Forecast********
        Date Predictions
0 2023-03-01   32.997532
1 2023-03-02   33.252357
2 2023-03-03   33.466713
3 2023-03-04   33.648163
4 2023-03-05   33.802563
******* City - Warangal ********
***** AQI Forecast********
***** Weather Forecast********
        Date Predictions
0 2023-03-01   29.104897
1 2023-03-02   30.225883
2 2023-03-03   31.137819
3 2023-03-04   31.894072
4 2023-03-05   32.530895
******* City - Karimnagar ********
***** AQI Forecast********
***** Weather Forecast********
        Date Predictions
0 2023-03-01   32.944023
1 2023-03-02   33.152462
2 2023-03-03   33.326084
3 2023-03-04    33.47142
4 2023-03-05   33.593559
******* City - Khammam ********
***** AQI Forecast********
***** Weather Forecast********
        Date Predictions
0 2023-03-01   30.361799
1 2023-03-02   31.316551
2 2023-03-03   32.087612
3 2023-03-04   32.720783
4 2023-03-05   33.247623
	Daily Scheduler
	 2023-02-28 20:30:08.355923
******* City - Adilabad ********
***** AQI Forecast********
***** Weather Forecast********
        Date Predictions
0 2023-03-01   32.811367
1 2023-03-02   33.073353
2 2023-03-03   33.295395
3 2023-03-04    33.48473
4 2023-03-05   33.647007
******* City - Nizamabad ********
***** AQI Forecast********
***** Weather Forecast********
        Date Predictions
0 2023-03-01   32.904053
1 2023-03-02    33.24305
2 2023-03-03    33.53022
3 2023-03-04    33.77544
4 2023-03-05   33.986252
******* City - Warangal ********
***** AQI Forecast********
***** Weather Forecast********
        Date Predictions
0 2023-03-01    28.80031
1 2023-03-02   29.651318
2 2023-03-03   30.330038
3 2023-03-04   30.878769
4 2023-03-05   31.327196
******* City - Karimnagar ********
***** AQI Forecast********
***** Weather Forecast********
        Date Predictions
0 2023-03-01   32.703583
1 2023-03-02   32.870377
2 2023-03-03   33.007645
3 2023-03-04   33.121029
4 2023-03-05   33.214966
******* City - Khammam ********
***** AQI Forecast********
***** Weather Forecast********
        Date Predictions
0 2023-03-01   30.321865
1 2023-03-02   31.206491
2 2023-03-03   31.925652
3 2023-03-04   32.518459
4 2023-03-05   33.012581
	Daily Scheduler
	 2023-02-28 21:30:07.240952
******* City - Adilabad ********
***** AQI Forecast********
***** Weather Forecast********
        Date Predictions
0 2023-03-01   32.680817
1 2023-03-02   33.032028
2 2023-03-03   33.332722
3 2023-03-04   33.592236
4 2023-03-05   33.817749
******* City - Nizamabad ********
***** AQI Forecast********
***** Weather Forecast********
        Date Predictions
0 2023-03-01   32.552082
1 2023-03-02    32.78548
2 2023-03-03   32.977741
3 2023-03-04   33.137058
4 2023-03-05   33.269722
******* City - Warangal ********
***** AQI Forecast********
***** Weather Forecast********
        Date Predictions
0 2023-03-01   28.890291
1 2023-03-02   29.901346
2 2023-03-03    30.71154
3 2023-03-04   31.372044
4 2023-03-05   31.917858
******* City - Karimnagar ********
***** AQI Forecast********
***** Weather Forecast********
        Date Predictions
0 2023-03-01   32.717934
1 2023-03-02    33.08857
2 2023-03-03   33.396313
3 2023-03-04   33.654114
4 2023-03-05   33.871658
******* City - Khammam ********
***** AQI Forecast********
***** Weather Forecast********
        Date Predictions
0 2023-03-01   30.094482
1 2023-03-02   30.950071
2 2023-03-03   31.631693
3 2023-03-04    32.18264
4 2023-03-05   32.633045
	Daily Scheduler
	 2023-02-28 22:30:07.595216
******* City - Adilabad ********
***** AQI Forecast********
***** Weather Forecast********
        Date Predictions
0 2023-03-01   32.196331
1 2023-03-02   32.358307
2 2023-03-03   32.492596
3 2023-03-04   32.604382
4 2023-03-05   32.697739
******* City - Nizamabad ********
***** AQI Forecast********
***** Weather Forecast********
        Date Predictions
0 2023-03-01   32.282162
1 2023-03-02   32.509834
2 2023-03-03   32.694881
3 2023-03-04   32.846172
4 2023-03-05   32.970448
******* City - Warangal ********
***** AQI Forecast********
***** Weather Forecast********
        Date Predictions
0 2023-03-01   28.764877
1 2023-03-02   29.740469
2 2023-03-03   30.512251
3 2023-03-04   31.134546
4 2023-03-05   31.643757
******* City - Karimnagar ********
***** AQI Forecast********
***** Weather Forecast********
        Date Predictions
0 2023-03-01   32.506489
1 2023-03-02   32.923409
2 2023-03-03   33.270664
3 2023-03-04   33.562687
4 2023-03-05   33.810215
******* City - Khammam ********
***** AQI Forecast********
***** Weather Forecast********
        Date Predictions
0 2023-03-01   30.081982
1 2023-03-02   31.073591
2 2023-03-03   31.866514
3 2023-03-04   32.512032
4 2023-03-05   33.044987
	Daily Scheduler
	 2023-02-28 23:30:07.148578
******* City - Adilabad ********
***** AQI Forecast********
***** Weather Forecast********
        Date Predictions
0 2023-03-01   31.880075
1 2023-03-02   31.974176
2 2023-03-03   32.051132
3 2023-03-04   32.114212
4 2023-03-05      32.166
******* City - Nizamabad ********
***** AQI Forecast********
***** Weather Forecast********
        Date Predictions
0 2023-03-01   32.344395
1 2023-03-02   32.821152
2 2023-03-03   33.218983
3 2023-03-04   33.554878
4 2023-03-05   33.841248
******* City - Warangal ********
***** AQI Forecast********
***** Weather Forecast********
        Date Predictions
0 2023-03-01   28.677465
1 2023-03-02   29.685585
2 2023-03-03    30.50421
3 2023-03-04   31.179056
4 2023-03-05   31.742105
******* City - Karimnagar ********
***** AQI Forecast********
***** Weather Forecast********
        Date Predictions
0 2023-03-01    32.19698
1 2023-03-02   32.550362
2 2023-03-03   32.842056
3 2023-03-04   33.084728
4 2023-03-05   33.287918
******* City - Khammam ********
***** AQI Forecast********
***** Weather Forecast********
        Date Predictions
0 2023-03-01   29.829039
1 2023-03-02   30.767075
2 2023-03-03   31.525581
3 2023-03-04   32.147907
4 2023-03-05   32.664448
	Daily Scheduler
	 2023-03-01 00:30:06.909128
******* City - Adilabad ********
***** AQI Forecast********
***** Weather Forecast********
        Date Predictions
0 2023-03-02   31.885359
1 2023-03-03   32.155121
2 2023-03-04   32.377457
3 2023-03-05   32.561855
4 2023-03-06   32.715565
******* City - Nizamabad ********
***** AQI Forecast********
***** Weather Forecast********
        Date Predictions
0 2023-03-02    32.26997
1 2023-03-03   32.864128
2 2023-03-04   33.366974
3 2023-03-05   33.798676
4 2023-03-06   34.173759
******* City - Warangal ********
***** AQI Forecast********
***** Weather Forecast********
        Date Predictions
0 2023-03-02   28.354643
1 2023-03-03   29.302769
2 2023-03-04   30.042868
3 2023-03-05   30.630827
4 2023-03-06   31.104277
******* City - Karimnagar ********
***** AQI Forecast********
***** Weather Forecast********
        Date Predictions
0 2023-03-02   31.929916
1 2023-03-03   32.228649
2 2023-03-04   32.469418
3 2023-03-05   32.665009
4 2023-03-06   32.824894
******* City - Khammam ********
***** AQI Forecast********
***** Weather Forecast********
        Date Predictions
0 2023-03-02   29.608688
1 2023-03-03   30.649216
2 2023-03-04   31.482357
3 2023-03-05   32.161701
4 2023-03-06   32.723606
	Daily Scheduler
	 2023-03-01 02:01:17.202292
******* City - Adilabad ********
***** AQI Forecast********
***** Weather Forecast********
        Date Predictions
0 2023-03-02   28.299162
1 2023-03-03   29.252958
2 2023-03-04   29.976311
3 2023-03-05   30.537897
4 2023-03-06   30.981588
******* City - Nizamabad ********
***** AQI Forecast********
***** Weather Forecast********
        Date Predictions
0 2023-03-02   28.684879
1 2023-03-03   29.877291
2 2023-03-04   30.764256
3 2023-03-05   31.447056
4 2023-03-06   31.985977
******* City - Warangal ********
***** AQI Forecast********
***** Weather Forecast********
        Date Predictions
0 2023-03-02   24.538301
1 2023-03-03   26.302473
2 2023-03-04   27.591431
3 2023-03-05   28.565241
4 2023-03-06   29.318663
******* City - Karimnagar ********
***** AQI Forecast********
***** Weather Forecast********
        Date Predictions
0 2023-03-02   28.603607
1 2023-03-03   29.757832
2 2023-03-04    30.62318
3 2023-03-05   31.290854
4 2023-03-06   31.817024
******* City - Khammam ********
***** AQI Forecast********
***** Weather Forecast********
        Date Predictions
0 2023-03-02   24.715599
1 2023-03-03   26.944225
2 2023-03-04   28.589037
3 2023-03-05   29.854548
4 2023-03-06   30.857485
	Daily Scheduler
	 2023-03-01 02:30:06.338193
******* City - Adilabad ********
***** AQI Forecast********
***** Weather Forecast********
        Date Predictions
0 2023-03-02   28.072849
1 2023-03-03   29.330059
2 2023-03-04   30.281702
3 2023-03-05   31.025959
4 2023-03-06   31.622309
******* City - Nizamabad ********
***** AQI Forecast********
***** Weather Forecast********
        Date Predictions
0 2023-03-02   28.142553
1 2023-03-03   29.430943
2 2023-03-04   30.394329
3 2023-03-05   31.139448
4 2023-03-06   31.730169
******* City - Warangal ********
***** AQI Forecast********
***** Weather Forecast********
        Date Predictions
0 2023-03-02   24.251638
1 2023-03-03   26.091522
2 2023-03-04   27.461714
3 2023-03-05   28.514442
4 2023-03-06   29.341763
******* City - Karimnagar ********
***** AQI Forecast********
***** Weather Forecast********
        Date Predictions
0 2023-03-02   27.995094
1 2023-03-03    29.13916
2 2023-03-04   29.961435
3 2023-03-05   30.569818
4 2023-03-06    31.02927
******* City - Khammam ********
***** AQI Forecast********
***** Weather Forecast********
        Date Predictions
0 2023-03-02   24.449114
1 2023-03-03   26.605896
2 2023-03-04    28.18997
3 2023-03-05   29.400072
4 2023-03-06   30.350672
	Daily Scheduler
	 2023-03-01 03:30:06.048647
******* City - Adilabad ********
***** AQI Forecast********
***** Weather Forecast********
        Date Predictions
0 2023-03-02   27.564335
1 2023-03-03    28.86175
2 2023-03-04   29.834805
3 2023-03-05   30.589251
4 2023-03-06   31.188641
******* City - Nizamabad ********
***** AQI Forecast********
***** Weather Forecast********
        Date Predictions
0 2023-03-02   27.940514
1 2023-03-03   29.425297
2 2023-03-04   30.505808
3 2023-03-05   31.329517
4 2023-03-06    31.97839
******* City - Warangal ********
***** AQI Forecast********
***** Weather Forecast********
        Date Predictions
0 2023-03-02   24.008604
1 2023-03-03   25.994703
2 2023-03-04    27.49234
3 2023-03-05   28.658646
4 2023-03-06   29.588686
******* City - Karimnagar ********
***** AQI Forecast********
***** Weather Forecast********
        Date Predictions
0 2023-03-02   27.735901
1 2023-03-03   29.143969
2 2023-03-04   30.192945
3 2023-03-05   31.001617
4 2023-03-06   31.640823
******* City - Khammam ********
***** AQI Forecast********
***** Weather Forecast********
        Date Predictions
0 2023-03-02   24.386461
1 2023-03-03   26.748844
2 2023-03-04   28.502764
3 2023-03-05   29.860153
4 2023-03-06    30.94235
	Daily Scheduler
	 2023-03-01 04:30:05.415763
******* City - Adilabad ********
***** AQI Forecast********
***** Weather Forecast********
        Date Predictions
0 2023-03-02   27.349657
1 2023-03-03   28.738123
2 2023-03-04   29.777706
3 2023-03-05   30.583641
4 2023-03-06   31.224602
******* City - Nizamabad ********
***** AQI Forecast********
***** Weather Forecast********
        Date Predictions
0 2023-03-02   27.524788
1 2023-03-03   28.976435
2 2023-03-04   30.029139
3 2023-03-05   30.823347
4 2023-03-06   31.439577
******* City - Warangal ********
***** AQI Forecast********
***** Weather Forecast********
        Date Predictions
0 2023-03-02   23.737421
1 2023-03-03   25.669083
2 2023-03-04    27.09918
3 2023-03-05   28.193108
4 2023-03-06   29.049784
******* City - Karimnagar ********
***** AQI Forecast********
***** Weather Forecast********
        Date Predictions
0 2023-03-02   27.528214
1 2023-03-03   29.049953
2 2023-03-04   30.196035
3 2023-03-05   31.090975
4 2023-03-06   31.808666
******* City - Khammam ********
***** AQI Forecast********
***** Weather Forecast********
        Date Predictions
0 2023-03-02   24.190701
1 2023-03-03   26.613148
2 2023-03-04    28.45035
3 2023-03-05     29.9014
4 2023-03-06   31.081787
	Daily Scheduler
	 2023-03-01 05:30:05.936676
******* City - Adilabad ********
***** AQI Forecast********
***** Weather Forecast********
        Date Predictions
0 2023-03-02   27.211576
1 2023-03-03   28.782446
2 2023-03-04    29.96595
3 2023-03-05   30.894691
4 2023-03-06   31.645695
******* City - Nizamabad ********
***** AQI Forecast********
***** Weather Forecast********
        Date Predictions
0 2023-03-02   27.449093
1 2023-03-03   29.128225
2 2023-03-04   30.363529
3 2023-03-05   31.315804
4 2023-03-06   32.074867
******* City - Warangal ********
***** AQI Forecast********
***** Weather Forecast********
        Date Predictions
0 2023-03-02   23.758444
1 2023-03-03   25.929062
2 2023-03-04   27.544172
3 2023-03-05     28.7939
4 2023-03-06   29.788471
******* City - Karimnagar ********
***** AQI Forecast********
***** Weather Forecast********
        Date Predictions
0 2023-03-02   27.270065
1 2023-03-03   28.828873
2 2023-03-04   29.964788
3 2023-03-05   30.825972
4 2023-03-06   31.497522
******* City - Khammam ********
***** AQI Forecast********
***** Weather Forecast********
        Date Predictions
0 2023-03-02    23.83404
1 2023-03-03   26.136892
2 2023-03-04   27.894066
3 2023-03-05   29.280901
4 2023-03-06   30.403067
	Daily Scheduler
	 2023-03-01 06:30:06.018319
******* City - Adilabad ********
***** AQI Forecast********
***** Weather Forecast********
        Date Predictions
0 2023-03-02   26.997679
1 2023-03-03   28.553761
2 2023-03-04   29.685286
3 2023-03-05   30.544224
4 2023-03-06   31.216454
******* City - Nizamabad ********
***** AQI Forecast********
***** Weather Forecast********
        Date Predictions
0 2023-03-02    27.00923
1 2023-03-03   28.605852
2 2023-03-04   29.785234
3 2023-03-05   30.692398
4 2023-03-06   31.410872
******* City - Warangal ********
***** AQI Forecast********
***** Weather Forecast********
        Date Predictions
0 2023-03-02   23.269909
1 2023-03-03   25.323435
2 2023-03-04   26.876905
3 2023-03-05   28.089888
4 2023-03-06   29.059196
******* City - Karimnagar ********
***** AQI Forecast********
***** Weather Forecast********
        Date Predictions
0 2023-03-02   26.997862
1 2023-03-03   28.580458
2 2023-03-04   29.741348
3 2023-03-05   30.626041
4 2023-03-06   31.318949
******* City - Khammam ********
***** AQI Forecast********
***** Weather Forecast********
        Date Predictions
0 2023-03-02   24.140326
1 2023-03-03   26.296988
2 2023-03-04     27.8652
3 2023-03-05   29.049307
4 2023-03-06   29.967438
	Daily Scheduler
	 2023-03-01 07:30:05.580060
******* City - Adilabad ********
***** AQI Forecast********
***** Weather Forecast********
        Date Predictions
0 2023-03-02   26.814396
1 2023-03-03   28.509531
2 2023-03-04    29.76548
3 2023-03-05   30.737072
4 2023-03-06   31.512468
******* City - Nizamabad ********
***** AQI Forecast********
***** Weather Forecast********
        Date Predictions
0 2023-03-02   26.975973
1 2023-03-03   28.698128
2 2023-03-04   29.928295
3 2023-03-05   30.850668
4 2023-03-06   31.565948
******* City - Warangal ********
***** AQI Forecast********
***** Weather Forecast********
        Date Predictions
0 2023-03-02   23.231846
1 2023-03-03   25.238438
2 2023-03-04   26.719669
3 2023-03-05   27.850487
4 2023-03-06   28.734827
******* City - Karimnagar ********
***** AQI Forecast********
***** Weather Forecast********
        Date Predictions
0 2023-03-02   26.727116
1 2023-03-03   28.315454
2 2023-03-04   29.454685
3 2023-03-05    30.30467
4 2023-03-06   30.956594
******* City - Khammam ********
***** AQI Forecast********
***** Weather Forecast********
        Date Predictions
0 2023-03-02   24.519119
1 2023-03-03   26.813694
2 2023-03-04   28.524656
3 2023-03-05   29.853317
4 2023-03-06   30.915686
	Daily Scheduler
	 2023-03-01 08:30:06.152951
******* City - Adilabad ********
***** AQI Forecast********
***** Weather Forecast********
        Date Predictions
0 2023-03-02   26.519779
1 2023-03-03    28.12178
2 2023-03-04   29.303663
3 2023-03-05   30.209631
4 2023-03-06   30.923548
******* City - Nizamabad ********
***** AQI Forecast********
***** Weather Forecast********
        Date Predictions
0 2023-03-02   26.614166
1 2023-03-03   28.181107
2 2023-03-04   29.277813
3 2023-03-05    30.07848
4 2023-03-06   30.680185
******* City - Warangal ********
***** AQI Forecast********
***** Weather Forecast********
        Date Predictions
0 2023-03-02   23.330954
1 2023-03-03   25.422026
2 2023-03-04   26.963032
3 2023-03-05   28.141268
4 2023-03-06   29.066153
******* City - Karimnagar ********
***** AQI Forecast********
***** Weather Forecast********
        Date Predictions
0 2023-03-02   26.585602
1 2023-03-03   28.178902
2 2023-03-04   29.321499
3 2023-03-05   30.174723
4 2023-03-06   30.830177
******* City - Khammam ********
***** AQI Forecast********
***** Weather Forecast********
        Date Predictions
0 2023-03-02   24.513617
1 2023-03-03   26.667305
2 2023-03-04   28.262888
3 2023-03-05   29.488989
4 2023-03-06   30.456154
	Daily Scheduler
	 2023-03-01 09:30:07.112935
******* City - Adilabad ********
***** AQI Forecast********
***** Weather Forecast********
        Date Predictions
0 2023-03-02   26.140911
1 2023-03-03   27.785704
2 2023-03-04   28.965115
3 2023-03-05   29.846027
4 2023-03-06   30.523088
******* City - Nizamabad ********
***** AQI Forecast********
***** Weather Forecast********
        Date Predictions
0 2023-03-02    26.51659
1 2023-03-03   28.331814
2 2023-03-04   29.599463
3 2023-03-05   30.530268
4 2023-03-06   31.237514
******* City - Warangal ********
***** AQI Forecast********
***** Weather Forecast********
        Date Predictions
0 2023-03-02   24.154207
1 2023-03-03   26.281517
2 2023-03-04   27.772148
3 2023-03-05   28.863472
4 2023-03-06   29.686687
******* City - Karimnagar ********
***** AQI Forecast********
***** Weather Forecast********
        Date Predictions
0 2023-03-02   26.415087
1 2023-03-03   28.189131
2 2023-03-04   29.435566
3 2023-03-05   30.352497
4 2023-03-06    31.04863
******* City - Khammam ********
***** AQI Forecast********
***** Weather Forecast********
        Date Predictions
0 2023-03-02   24.859896
1 2023-03-03   27.185165
2 2023-03-04   28.873945
3 2023-03-05   30.153437
4 2023-03-06   31.152119
	Daily Scheduler
	 2023-03-01 10:30:07.527879
******* City - Adilabad ********
***** AQI Forecast********
***** Weather Forecast********
        Date Predictions
0 2023-03-02   26.300026
1 2023-03-03   27.864271
2 2023-03-04   28.993017
3 2023-03-05   29.840025
4 2023-03-06   30.493429
******* City - Nizamabad ********
***** AQI Forecast********
***** Weather Forecast********
        Date Predictions
0 2023-03-02   26.508127
1 2023-03-03   28.157568
2 2023-03-04   29.318705
3 2023-03-05   30.172443
4 2023-03-06   30.819258
******* City - Warangal ********
***** AQI Forecast********
***** Weather Forecast********
        Date Predictions
0 2023-03-02   24.560926
1 2023-03-03   26.600843
2 2023-03-04   28.087421
3 2023-03-05   29.211981
4 2023-03-06    30.08551
******* City - Karimnagar ********
***** AQI Forecast********
***** Weather Forecast********
        Date Predictions
0 2023-03-02   26.543818
1 2023-03-03   28.257008
2 2023-03-04   29.488625
3 2023-03-05   30.412718
4 2023-03-06   31.127234
******* City - Khammam ********
***** AQI Forecast********
***** Weather Forecast********
        Date Predictions
0 2023-03-02   25.546062
1 2023-03-03   27.850189
2 2023-03-04    29.51259
3 2023-03-05   30.772093
4 2023-03-06   31.759459
	Daily Scheduler
	 2023-03-01 12:57:38.876136
******* City - Adilabad ********
***** AQI Forecast********
***** Weather Forecast********
        Date Predictions
0 2023-03-02   26.662863
1 2023-03-03   28.282482
2 2023-03-04   29.453388
3 2023-03-05   30.336821
4 2023-03-06   31.023794
******* City - Nizamabad ********
***** AQI Forecast********
***** Weather Forecast********
        Date Predictions
0 2023-03-02   27.523888
1 2023-03-03   29.044657
2 2023-03-04   30.133781
3 2023-03-05    30.94923
4 2023-03-06   31.579056
******* City - Warangal ********
***** AQI Forecast********
***** Weather Forecast********
        Date Predictions
0 2023-03-02   25.580799
1 2023-03-03    27.37422
2 2023-03-04   28.687614
3 2023-03-05   29.683983
4 2023-03-06   30.459097
******* City - Karimnagar ********
***** AQI Forecast********
***** Weather Forecast********
        Date Predictions
0 2023-03-02   27.515438
1 2023-03-03   29.047564
2 2023-03-04   30.150688
3 2023-03-05   30.978243
4 2023-03-06   31.617268
******* City - Khammam ********
***** AQI Forecast********
***** Weather Forecast********
        Date Predictions
0 2023-03-02   26.274782
1 2023-03-03   28.206821
2 2023-03-04   29.596239
3 2023-03-05   30.636602
4 2023-03-06   31.437912
	Daily Scheduler
	 2023-03-01 13:30:07.143513
******* City - Adilabad ********
***** AQI Forecast********
***** Weather Forecast********
        Date Predictions
0 2023-03-02   28.150051
1 2023-03-03   29.613903
2 2023-03-04   30.743132
3 2023-03-05   31.646362
4 2023-03-06   32.388878
******* City - Nizamabad ********
***** AQI Forecast********
***** Weather Forecast********
        Date Predictions
0 2023-03-02   28.084419
1 2023-03-03     29.4093
2 2023-03-04   30.370001
3 2023-03-05   31.092773
4 2023-03-06    31.65097
******* City - Warangal ********
***** AQI Forecast********
***** Weather Forecast********
        Date Predictions
0 2023-03-02    26.25568
1 2023-03-03   28.034445
2 2023-03-04   29.342768
3 2023-03-05   30.343283
4 2023-03-06   31.129986
******* City - Karimnagar ********
***** AQI Forecast********
***** Weather Forecast********
        Date Predictions
0 2023-03-02   28.235304
1 2023-03-03   29.680624
2 2023-03-04    30.74778
3 2023-03-05   31.568886
4 2023-03-06   32.219673
******* City - Khammam ********
***** AQI Forecast********
***** Weather Forecast********
        Date Predictions
0 2023-03-02   26.895445
1 2023-03-03   28.683077
2 2023-03-04    29.93434
3 2023-03-05   30.850018
4 2023-03-06   31.540674
	Daily Scheduler
	 2023-03-01 14:30:07.093243
******* City - Adilabad ********
***** AQI Forecast********
***** Weather Forecast********
        Date Predictions
0 2023-03-02    28.49819
1 2023-03-03   29.627773
2 2023-03-04   30.509584
3 2023-03-05   31.215891
4 2023-03-06   31.792906
******* City - Nizamabad ********
***** AQI Forecast********
***** Weather Forecast********
        Date Predictions
0 2023-03-02   28.648663
1 2023-03-03   29.817333
2 2023-03-04   30.684166
3 2023-03-05    31.34763
4 2023-03-06   31.867184
******* City - Warangal ********
***** AQI Forecast********
***** Weather Forecast********
        Date Predictions
0 2023-03-02   26.450819
1 2023-03-03   27.996218
2 2023-03-04   29.148335
3 2023-03-05   30.033611
4 2023-03-06   30.729029
******* City - Karimnagar ********
***** AQI Forecast********
***** Weather Forecast********
        Date Predictions
0 2023-03-02   28.655441
1 2023-03-03   29.837116
2 2023-03-04   30.717924
3 2023-03-05   31.394663
4 2023-03-06   31.926304
******* City - Khammam ********
***** AQI Forecast********
***** Weather Forecast********
        Date Predictions
0 2023-03-02   27.393784
1 2023-03-03   29.156443
2 2023-03-04   30.425823
3 2023-03-05   31.378651
4 2023-03-06   32.114933
	Daily Scheduler
	 2023-03-01 15:30:06.558281
******* City - Adilabad ********
***** AQI Forecast********
***** Weather Forecast********
        Date Predictions
0 2023-03-02   28.956398
1 2023-03-03   29.815573
2 2023-03-04   30.472252
3 2023-03-05   30.984665
4 2023-03-06   31.390793
******* City - Nizamabad ********
***** AQI Forecast********
***** Weather Forecast********
        Date Predictions
0 2023-03-02   29.348248
1 2023-03-03   30.488482
2 2023-03-04   31.365334
3 2023-03-05   32.060966
4 2023-03-06    32.62595
******* City - Warangal ********
***** AQI Forecast********
***** Weather Forecast********
        Date Predictions
0 2023-03-02   27.099699
1 2023-03-03   28.784107
2 2023-03-04   30.077652
3 2023-03-05   31.104908
4 2023-03-06   31.941391
******* City - Karimnagar ********
***** AQI Forecast********
***** Weather Forecast********
        Date Predictions
0 2023-03-02   29.273075
1 2023-03-03    30.33761
2 2023-03-04   31.137962
3 2023-03-05   31.756763
4 2023-03-06   32.245193
******* City - Khammam ********
***** AQI Forecast********
***** Weather Forecast********
        Date Predictions
0 2023-03-02   28.063086
1 2023-03-03   29.626266
2 2023-03-04   30.742954
3 2023-03-05   31.573689
4 2023-03-06   32.209343
	Daily Scheduler
	 2023-03-01 16:30:06.072940
******* City - Adilabad ********
***** AQI Forecast********
***** Weather Forecast********
        Date Predictions
0 2023-03-02   29.635727
1 2023-03-03   30.501362
2 2023-03-04   31.181082
3 2023-03-05   31.726847
4 2023-03-06   32.172672
******* City - Nizamabad ********
***** AQI Forecast********
***** Weather Forecast********
        Date Predictions
0 2023-03-02   29.566236
1 2023-03-03      30.355
2 2023-03-04   30.954786
3 2023-03-05    31.42012
4 2023-03-06   31.786636
******* City - Warangal ********
***** AQI Forecast********
***** Weather Forecast********
        Date Predictions
0 2023-03-02    27.36215
1 2023-03-03   28.924421
2 2023-03-04   30.131319
3 2023-03-05   31.093195
4 2023-03-06   31.877962
******* City - Karimnagar ********
***** AQI Forecast********
***** Weather Forecast********
        Date Predictions
0 2023-03-02    29.87089
1 2023-03-03   30.875315
2 2023-03-04    31.64114
3 2023-03-05   32.241879
4 2023-03-06   32.723209
******* City - Khammam ********
***** AQI Forecast********
***** Weather Forecast********
        Date Predictions
0 2023-03-02   28.385027
1 2023-03-03   29.943951
2 2023-03-04   31.107574
3 2023-03-05   32.007046
4 2023-03-06   32.720253
	Daily Scheduler
	 2023-03-01 17:30:06.924273
******* City - Adilabad ********
***** AQI Forecast********
***** Weather Forecast********
        Date Predictions
0 2023-03-02   29.778915
1 2023-03-03     30.3267
2 2023-03-04   30.750799
3 2023-03-05   31.083515
4 2023-03-06   31.347206
******* City - Nizamabad ********
***** AQI Forecast********
***** Weather Forecast********
        Date Predictions
0 2023-03-02    30.15238
1 2023-03-03   30.977236
2 2023-03-04   31.618353
3 2023-03-05   32.127842
4 2023-03-06   32.539669
******* City - Warangal ********
***** AQI Forecast********
***** Weather Forecast********
        Date Predictions
0 2023-03-02   27.579393
1 2023-03-03   28.858021
2 2023-03-04   29.822329
3 2023-03-05    30.56789
4 2023-03-06   31.154997
******* City - Karimnagar ********
***** AQI Forecast********
***** Weather Forecast********
        Date Predictions
0 2023-03-02   29.992863
1 2023-03-03   30.673014
2 2023-03-04   31.181477
3 2023-03-05   31.568811
4 2023-03-06      31.868
******* City - Khammam ********
***** AQI Forecast********
***** Weather Forecast********
        Date Predictions
0 2023-03-02   28.735184
1 2023-03-03   30.042234
2 2023-03-04   31.007032
3 2023-03-05   31.741636
4 2023-03-06    32.31361
	Daily Scheduler
	 2023-03-01 18:30:05.676357
******* City - Adilabad ********
***** AQI Forecast********
***** Weather Forecast********
        Date Predictions
0 2023-03-02   30.079266
1 2023-03-03   30.568665
2 2023-03-04   30.951687
3 2023-03-05   31.254927
4 2023-03-06   31.497162
******* City - Nizamabad ********
***** AQI Forecast********
***** Weather Forecast********
        Date Predictions
0 2023-03-02   30.274376
1 2023-03-03   30.893181
2 2023-03-04   31.365009
3 2023-03-05    31.73074
4 2023-03-06    32.01778
******* City - Warangal ********
***** AQI Forecast********
***** Weather Forecast********
        Date Predictions
0 2023-03-02   28.013039
1 2023-03-03   29.350849
2 2023-03-04   30.387159
3 2023-03-05   31.211367
4 2023-03-06   31.880102
******* City - Karimnagar ********
***** AQI Forecast********
***** Weather Forecast********
        Date Predictions
0 2023-03-02   30.401163
1 2023-03-03   31.133087
2 2023-03-04   31.706608
3 2023-03-05   32.164196
4 2023-03-06   32.534428
******* City - Khammam ********
***** AQI Forecast********
***** Weather Forecast********
        Date Predictions
0 2023-03-02   29.359324
1 2023-03-03   30.820911
2 2023-03-04   31.930996
3 2023-03-05    32.80492
4 2023-03-06    33.51141
	Daily Scheduler
	 2023-03-01 19:30:07.203212
******* City - Adilabad ********
***** AQI Forecast********
***** Weather Forecast********
        Date Predictions
0 2023-03-02    30.31365
1 2023-03-03   30.886639
2 2023-03-04   31.341478
3 2023-03-05   31.707493
4 2023-03-06   32.005207
******* City - Nizamabad ********
***** AQI Forecast********
***** Weather Forecast********
        Date Predictions
0 2023-03-02   30.561489
1 2023-03-03   31.309708
2 2023-03-04   31.895613
3 2023-03-05    32.36409
4 2023-03-06   32.744759
******* City - Warangal ********
***** AQI Forecast********
***** Weather Forecast********
        Date Predictions
0 2023-03-02   27.898151
1 2023-03-03   29.081007
2 2023-03-04   29.992098
3 2023-03-05   30.709356
4 2023-03-06   31.283411
******* City - Karimnagar ********
***** AQI Forecast********
***** Weather Forecast********
        Date Predictions
0 2023-03-02   30.560621
1 2023-03-03   31.307997
2 2023-03-04   31.891251
3 2023-03-05   32.354946
4 2023-03-06   32.728901
******* City - Khammam ********
***** AQI Forecast********
***** Weather Forecast********
        Date Predictions
0 2023-03-02   29.397903
1 2023-03-03   30.864807
2 2023-03-04   32.003979
3 2023-03-05   32.918011
4 2023-03-06   33.669724
	Daily Scheduler
	 2023-03-01 20:30:06.902547
******* City - Adilabad ********
***** AQI Forecast********
***** Weather Forecast********
        Date Predictions
0 2023-03-02   30.608383
1 2023-03-03   31.410429
2 2023-03-04   32.064526
3 2023-03-05   32.608479
4 2023-03-06   33.067993
******* City - Nizamabad ********
***** AQI Forecast********
***** Weather Forecast********
        Date Predictions
0 2023-03-02   30.625725
1 2023-03-03    31.41111
2 2023-03-04   32.029659
3 2023-03-05   32.527252
4 2023-03-06   32.934189
******* City - Warangal ********
***** AQI Forecast********
***** Weather Forecast********
        Date Predictions
0 2023-03-02   28.036776
1 2023-03-03   29.315979
2 2023-03-04   30.293488
3 2023-03-05   31.060467
4 2023-03-06   31.674269
******* City - Karimnagar ********
***** AQI Forecast********
***** Weather Forecast********
        Date Predictions
0 2023-03-02   30.652988
1 2023-03-03    31.47114
2 2023-03-04   32.123859
3 2023-03-05   32.655197
4 2023-03-06    33.09462
******* City - Khammam ********
***** AQI Forecast********
***** Weather Forecast********
        Date Predictions
0 2023-03-02   29.272139
1 2023-03-03   30.638758
2 2023-03-04   31.680416
3 2023-03-05   32.499092
4 2023-03-06   33.157368
	Daily Scheduler
	 2023-03-01 22:32:51.174106
******* City - Adilabad ********
***** AQI Forecast********
***** Weather Forecast********
        Date Predictions
0 2023-03-02   30.312025
1 2023-03-03   30.894106
2 2023-03-04   31.359354
3 2023-03-05   31.736118
4 2023-03-06   32.044403
******* City - Nizamabad ********
***** AQI Forecast********
***** Weather Forecast********
        Date Predictions
0 2023-03-02   30.381485
1 2023-03-03   31.057699
2 2023-03-04   31.587776
3 2023-03-05   32.010151
4 2023-03-06   32.351006
******* City - Warangal ********
***** AQI Forecast********
***** Weather Forecast********
        Date Predictions
0 2023-03-02   27.947748
1 2023-03-03   29.297695
2 2023-03-04   30.363148
3 2023-03-05   31.224337
4 2023-03-06   31.933361
******* City - Karimnagar ********
***** AQI Forecast********
***** Weather Forecast********
        Date Predictions
0 2023-03-02   30.275587
1 2023-03-03   30.855963
2 2023-03-04   31.299063
3 2023-03-05   31.642412
4 2023-03-06   31.911459
******* City - Khammam ********
***** AQI Forecast********
***** Weather Forecast********
        Date Predictions
0 2023-03-02   29.064074
1 2023-03-03   30.338251
2 2023-03-04   31.283054
3 2023-03-05   32.004112
4 2023-03-06   32.566048
	Daily Scheduler
	 2023-03-01 23:30:07.118395
******* City - Adilabad ********
***** AQI Forecast********
***** Weather Forecast********
        Date Predictions
0 2023-03-02   30.137878
1 2023-03-03   30.669752
2 2023-03-04   31.079855
3 2023-03-05   31.400608
4 2023-03-06   31.654236
******* City - Nizamabad ********
***** AQI Forecast********
***** Weather Forecast********
        Date Predictions
0 2023-03-02   30.459431
1 2023-03-03   31.246073
2 2023-03-04   31.866549
3 2023-03-05   32.366047
4 2023-03-06   32.774593
******* City - Warangal ********
***** AQI Forecast********
***** Weather Forecast********
        Date Predictions
0 2023-03-02   27.872458
1 2023-03-03   29.263226
2 2023-03-04   30.336889
3 2023-03-05   31.189171
4 2023-03-06    31.88007
******* City - Karimnagar ********
***** AQI Forecast********
***** Weather Forecast********
        Date Predictions
0 2023-03-02   30.591377
1 2023-03-03   31.471596
2 2023-03-04   32.162811
3 2023-03-05   32.718418
4 2023-03-06   33.173138
******* City - Khammam ********
***** AQI Forecast********
***** Weather Forecast********
        Date Predictions
0 2023-03-02   28.874996
1 2023-03-03   30.188707
2 2023-03-04   31.170483
3 2023-03-05   31.925573
4 2023-03-06   32.518681
	Daily Scheduler
	 2023-03-02 01:48:14.916656
******* City - Adilabad ********
***** AQI Forecast********
***** Weather Forecast********
        Date Predictions
0 2023-03-03   28.425589
1 2023-03-04   29.491953
2 2023-03-05   30.316204
3 2023-03-06   30.968863
4 2023-03-07   31.495243
******* City - Nizamabad ********
***** AQI Forecast********
***** Weather Forecast********
        Date Predictions
0 2023-03-03   28.441339
1 2023-03-04   29.784765
2 2023-03-05   30.770779
3 2023-03-06   31.523655
4 2023-03-07   32.115044
******* City - Warangal ********
***** AQI Forecast********
***** Weather Forecast********
        Date Predictions
0 2023-03-03   24.257677
1 2023-03-04   26.522793
2 2023-03-05   28.198357
3 2023-03-06   29.490231
4 2023-03-07   30.516325
******* City - Karimnagar ********
***** AQI Forecast********
***** Weather Forecast********
        Date Predictions
0 2023-03-03   28.420347
1 2023-03-04   29.732868
2 2023-03-05   30.682804
3 2023-03-06   31.396965
4 2023-03-07   31.948498
******* City - Khammam ********
***** AQI Forecast********
***** Weather Forecast********
        Date Predictions
0 2023-03-03   24.994665
1 2023-03-04   27.361275
2 2023-03-05   29.079645
3 2023-03-06   30.384987
4 2023-03-07   31.408491
	Daily Scheduler
	 2023-03-02 02:30:07.082717
******* City - Adilabad ********
***** AQI Forecast********
***** Weather Forecast********
        Date Predictions
0 2023-03-03   27.882654
1 2023-03-04    28.98908
2 2023-03-05    29.81098
3 2023-03-06   30.438587
4 2023-03-07   30.927584
******* City - Nizamabad ********
***** AQI Forecast********
***** Weather Forecast********
        Date Predictions
0 2023-03-03   28.228182
1 2023-03-04    29.55279
2 2023-03-05   30.530109
3 2023-03-06   31.278198
4 2023-03-07   31.866238
******* City - Warangal ********
***** AQI Forecast********
***** Weather Forecast********
        Date Predictions
0 2023-03-03    24.29796
1 2023-03-04   26.507763
2 2023-03-05   28.097719
3 2023-03-06   29.295204
4 2023-03-07    30.22621
******* City - Karimnagar ********
***** AQI Forecast********
***** Weather Forecast********
        Date Predictions
0 2023-03-03   28.216873
1 2023-03-04   29.519949
2 2023-03-05   30.470655
3 2023-03-06   31.189585
4 2023-03-07   31.747353
******* City - Khammam ********
***** AQI Forecast********
***** Weather Forecast********
        Date Predictions
0 2023-03-03   24.698368
1 2023-03-04   26.967039
2 2023-03-05   28.600002
3 2023-03-06   29.826189
4 2023-03-07   30.774473
	Daily Scheduler
	 2023-03-02 03:30:07.049202
******* City - Adilabad ********
***** AQI Forecast********
***** Weather Forecast********
        Date Predictions
0 2023-03-03   27.692911
1 2023-03-04   29.085995
2 2023-03-05   30.136543
3 2023-03-06   30.957207
4 2023-03-07   31.615185
******* City - Nizamabad ********
***** AQI Forecast********
***** Weather Forecast********
        Date Predictions
0 2023-03-03   27.724964
1 2023-03-04   29.073736
2 2023-03-05   30.048326
3 2023-03-06   30.779554
4 2023-03-07   31.343035
******* City - Warangal ********
***** AQI Forecast********
***** Weather Forecast********
        Date Predictions
0 2023-03-03   24.371325
1 2023-03-04   26.701916
2 2023-03-05   28.430283
3 2023-03-06   29.773104
4 2023-03-07   30.851643
******* City - Karimnagar ********
***** AQI Forecast********
***** Weather Forecast********
        Date Predictions
0 2023-03-03   27.738014
1 2023-03-04   29.096815
2 2023-03-05   30.076534
3 2023-03-06   30.808535
4 2023-03-07   31.369379
******* City - Khammam ********
***** AQI Forecast********
***** Weather Forecast********
        Date Predictions
0 2023-03-03   24.637978
1 2023-03-04   27.103195
2 2023-03-05   28.895638
3 2023-03-06   30.259815
4 2023-03-07   31.331888
	Daily Scheduler
	 2023-03-02 04:30:07.585630
******* City - Adilabad ********
***** AQI Forecast********
***** Weather Forecast********
        Date Predictions
0 2023-03-03   27.386194
1 2023-03-04   28.782446
2 2023-03-05   29.817945
3 2023-03-06   30.614609
4 2023-03-07   31.244076
******* City - Nizamabad ********
***** AQI Forecast********
***** Weather Forecast********
        Date Predictions
0 2023-03-03   27.493942
1 2023-03-04   28.951666
2 2023-03-05   30.023314
3 2023-03-06   30.840851
4 2023-03-07   31.481415
******* City - Warangal ********
***** AQI Forecast********
***** Weather Forecast********
        Date Predictions
0 2023-03-03   24.130875
1 2023-03-04   26.444515
2 2023-03-05   28.156303
3 2023-03-06   29.477537
4 2023-03-07   30.528811
******* City - Karimnagar ********
***** AQI Forecast********
***** Weather Forecast********
        Date Predictions
0 2023-03-03   27.490807
1 2023-03-04   28.879894
2 2023-03-05   29.860163
3 2023-03-06   30.579493
4 2023-03-07   31.121799
******* City - Khammam ********
***** AQI Forecast********
***** Weather Forecast********
        Date Predictions
0 2023-03-03   24.261927
1 2023-03-04   26.683012
2 2023-03-05   28.479008
3 2023-03-06   29.865126
4 2023-03-07   30.965765
	Daily Scheduler
	 2023-03-02 05:30:05.913722
******* City - Adilabad ********
***** AQI Forecast********
***** Weather Forecast********
        Date Predictions
0 2023-03-03   27.052042
1 2023-03-04   28.500765
2 2023-03-05   29.575426
3 2023-03-06   30.400349
4 2023-03-07    31.04958
******* City - Nizamabad ********
***** AQI Forecast********
***** Weather Forecast********
        Date Predictions
0 2023-03-03     27.4042
1 2023-03-04   28.972303
2 2023-03-05    30.07362
3 2023-03-06   30.884132
4 2023-03-07    31.50005
******* City - Warangal ********
***** AQI Forecast********
***** Weather Forecast********
        Date Predictions
0 2023-03-03   24.013634
1 2023-03-04    26.18507
2 2023-03-05    27.70052
3 2023-03-06   28.807407
4 2023-03-07   29.641178
******* City - Karimnagar ********
***** AQI Forecast********
***** Weather Forecast********
        Date Predictions
0 2023-03-03   27.277124
1 2023-03-04   28.812431
2 2023-03-05   29.911831
3 2023-03-06   30.730793
4 2023-03-07   31.357977
******* City - Khammam ********
***** AQI Forecast********
***** Weather Forecast********
        Date Predictions
0 2023-03-03   24.449297
1 2023-03-04   26.967966
2 2023-03-05   28.781384
3 2023-03-06   30.153334
4 2023-03-07   31.227493
	Daily Scheduler
	 2023-03-02 06:30:06.287213
******* City - Adilabad ********
***** AQI Forecast********
***** Weather Forecast********
        Date Predictions
0 2023-03-03   26.666557
1 2023-03-04   28.163004
2 2023-03-05   29.283566
3 2023-03-06    30.15086
4 2023-03-07   30.838686
******* City - Nizamabad ********
***** AQI Forecast********
***** Weather Forecast********
        Date Predictions
0 2023-03-03   27.178377
1 2023-03-04   28.900904
2 2023-03-05   30.134596
3 2023-03-06   31.064838
4 2023-03-07   31.791857
******* City - Warangal ********
***** AQI Forecast********
***** Weather Forecast********
        Date Predictions
0 2023-03-03   23.648752
1 2023-03-04   25.894361
2 2023-03-05   27.550108
3 2023-03-06   28.817654
4 2023-03-07    29.81452
******* City - Karimnagar ********
***** AQI Forecast********
***** Weather Forecast********
        Date Predictions
0 2023-03-03   26.995089
1 2023-03-04   28.581745
2 2023-03-05   29.694689
3 2023-03-06   30.510283
4 2023-03-07   31.126162
******* City - Khammam ********
***** AQI Forecast********
***** Weather Forecast********
        Date Predictions
0 2023-03-03    24.28397
1 2023-03-04   26.691607
2 2023-03-05   28.428724
3 2023-03-06   29.737946
4 2023-03-07   30.755209
	Daily Scheduler
	 2023-03-02 07:30:06.108973
******* City - Adilabad ********
***** AQI Forecast********
***** Weather Forecast********
        Date Predictions
0 2023-03-03   26.383123
1 2023-03-04   27.912342
2 2023-03-05   29.009083
3 2023-03-06   29.826078
4 2023-03-07   30.451166
******* City - Nizamabad ********
***** AQI Forecast********
***** Weather Forecast********
        Date Predictions
0 2023-03-03   26.745785
1 2023-03-04   28.492193
2 2023-03-05   29.745796
3 2023-03-06   30.689919
4 2023-03-07   31.425272
******* City - Warangal ********
***** AQI Forecast********
***** Weather Forecast********
        Date Predictions
0 2023-03-03   23.622009
1 2023-03-04   25.895807
2 2023-03-05   27.531822
3 2023-03-06   28.759619
4 2023-03-07   29.708593
******* City - Karimnagar ********
***** AQI Forecast********
***** Weather Forecast********
        Date Predictions
0 2023-03-03   26.653442
1 2023-03-04   28.325052
2 2023-03-05   29.506643
3 2023-03-06   30.378334
4 2023-03-07   31.040619
******* City - Khammam ********
***** AQI Forecast********
***** Weather Forecast********
        Date Predictions
0 2023-03-03    24.33777
1 2023-03-04   26.765074
2 2023-03-05   28.522366
3 2023-03-06   29.851774
4 2023-03-07    30.88896
	Daily Scheduler
	 2023-03-02 08:30:07.069921
******* City - Adilabad ********
***** AQI Forecast********
***** Weather Forecast********
        Date Predictions
0 2023-03-03   26.288286
1 2023-03-04   27.840588
2 2023-03-05   28.955189
3 2023-03-06     29.7862
4 2023-03-07   30.422434
******* City - Nizamabad ********
***** AQI Forecast********
***** Weather Forecast********
        Date Predictions
0 2023-03-03    26.59951
1 2023-03-04   28.325838
2 2023-03-05   29.555902
3 2023-03-06   30.473072
4 2023-03-07    31.17889
******* City - Warangal ********
***** AQI Forecast********
***** Weather Forecast********
        Date Predictions
0 2023-03-03   23.678997
1 2023-03-04    26.08086
2 2023-03-05   27.820934
3 2023-03-06    29.14267
4 2023-03-07   30.180399
******* City - Karimnagar ********
***** AQI Forecast********
***** Weather Forecast********
        Date Predictions
0 2023-03-03   26.508205
1 2023-03-04   28.250122
2 2023-03-05   29.531195
3 2023-03-06   30.510464
4 2023-03-07    31.28009
******* City - Khammam ********
***** AQI Forecast********
***** Weather Forecast********
        Date Predictions
0 2023-03-03   24.387314
1 2023-03-04    26.75728
2 2023-03-05   28.430454
3 2023-03-06   29.667114
4 2023-03-07   30.610348
	Daily Scheduler
	 2023-03-02 09:30:05.334834
******* City - Adilabad ********
***** AQI Forecast********
***** Weather Forecast********
        Date Predictions
0 2023-03-03   26.555243
1 2023-03-04   28.152966
2 2023-03-05   29.306307
3 2023-03-06   30.173704
4 2023-03-07   30.845207
******* City - Nizamabad ********
***** AQI Forecast********
***** Weather Forecast********
        Date Predictions
0 2023-03-03   26.737707
1 2023-03-04   28.432644
2 2023-03-05   29.644693
3 2023-03-06   30.550632
4 2023-03-07   31.249022
******* City - Warangal ********
***** AQI Forecast********
***** Weather Forecast********
        Date Predictions
0 2023-03-03    23.58416
1 2023-03-04   25.715086
2 2023-03-05   27.232895
3 2023-03-06   28.358381
4 2023-03-07   29.216518
******* City - Karimnagar ********
***** AQI Forecast********
***** Weather Forecast********
        Date Predictions
0 2023-03-03   26.702457
1 2023-03-04   28.378998
2 2023-03-05   29.578028
3 2023-03-06   30.472836
4 2023-03-07   31.160765
******* City - Khammam ********
***** AQI Forecast********
***** Weather Forecast********
        Date Predictions
0 2023-03-03   24.639101
1 2023-03-04   26.952719
2 2023-03-05   28.654219
3 2023-03-06   29.956161
4 2023-03-07   30.980881
	Daily Scheduler
	 2023-03-02 10:30:05.952733
******* City - Adilabad ********
***** AQI Forecast********
***** Weather Forecast********
        Date Predictions
0 2023-03-03   26.744667
1 2023-03-04   28.259563
2 2023-03-05   29.403946
3 2023-03-06   30.299229
4 2023-03-07   31.018002
******* City - Nizamabad ********
***** AQI Forecast********
***** Weather Forecast********
        Date Predictions
0 2023-03-03   27.117754
1 2023-03-04   28.744591
2 2023-03-05    29.89242
3 2023-03-06   30.741032
4 2023-03-07   31.388966
******* City - Warangal ********
***** AQI Forecast********
***** Weather Forecast********
        Date Predictions
0 2023-03-03   24.174118
1 2023-03-04   26.382418
2 2023-03-05   27.977377
3 2023-03-06   29.179714
4 2023-03-07    30.11368
******* City - Karimnagar ********
***** AQI Forecast********
***** Weather Forecast********
        Date Predictions
0 2023-03-03   26.924324
1 2023-03-04   28.487175
2 2023-03-05   29.617769
3 2023-03-06     30.4674
4 2023-03-07   31.123318
******* City - Khammam ********
***** AQI Forecast********
***** Weather Forecast********
        Date Predictions
0 2023-03-03   25.223078
1 2023-03-04   27.380356
2 2023-03-05   28.922882
3 2023-03-06   30.073744
4 2023-03-07   30.958059
	Daily Scheduler
	 2023-03-02 11:30:06.399036
******* City - Adilabad ********
***** AQI Forecast********
***** Weather Forecast********
        Date Predictions
0 2023-03-03   27.089272
1 2023-03-04   28.355057
2 2023-03-05   29.268425
3 2023-03-06    29.94887
4 2023-03-07   30.467403
******* City - Nizamabad ********
***** AQI Forecast********
***** Weather Forecast********
        Date Predictions
0 2023-03-03   27.439898
1 2023-03-04   28.895666
2 2023-03-05   29.928776
3 2023-03-06   30.693573
4 2023-03-07   31.276594
******* City - Warangal ********
***** AQI Forecast********
***** Weather Forecast********
        Date Predictions
0 2023-03-03   24.803955
1 2023-03-04   26.929476
2 2023-03-05   28.472219
3 2023-03-06   29.643309
4 2023-03-07   30.560703
******* City - Karimnagar ********
***** AQI Forecast********
***** Weather Forecast********
        Date Predictions
0 2023-03-03   27.464642
1 2023-03-04   28.979139
2 2023-03-05   30.076777
3 2023-03-06   30.903587
4 2023-03-07   31.543663
******* City - Khammam ********
***** AQI Forecast********
***** Weather Forecast********
        Date Predictions
0 2023-03-03   25.866003
1 2023-03-04   28.046061
2 2023-03-05   29.635798
3 2023-03-06   30.847847
4 2023-03-07   31.801548
	Daily Scheduler
	 2023-03-02 12:30:05.618088
******* City - Adilabad ********
***** AQI Forecast********
***** Weather Forecast********
        Date Predictions
0 2023-03-03   27.791637
1 2023-03-04   28.982264
2 2023-03-05   29.882294
3 2023-03-06   30.581886
4 2023-03-07   31.137091
******* City - Nizamabad ********
***** AQI Forecast********
***** Weather Forecast********
        Date Predictions
0 2023-03-03    28.09263
1 2023-03-04   29.423332
2 2023-03-05   30.389299
3 2023-03-06   31.117239
4 2023-03-07   31.680595
******* City - Warangal ********
***** AQI Forecast********
***** Weather Forecast********
        Date Predictions
0 2023-03-03   25.277605
1 2023-03-04   27.203157
2 2023-03-05   28.569626
3 2023-03-06   29.580153
4 2023-03-07    30.34906
******* City - Karimnagar ********
***** AQI Forecast********
***** Weather Forecast********
        Date Predictions
0 2023-03-03   28.326002
1 2023-03-04   29.834908
2 2023-03-05    30.95196
3 2023-03-06   31.815048
4 2023-03-07   32.502747
******* City - Khammam ********
***** AQI Forecast********
***** Weather Forecast********
        Date Predictions
0 2023-03-03   26.312511
1 2023-03-04    28.27862
2 2023-03-05   29.716097
3 2023-03-06   30.808765
4 2023-03-07   31.662628
	Daily Scheduler
	 2023-03-02 13:30:06.141385
******* City - Adilabad ********
***** AQI Forecast********
***** Weather Forecast********
        Date Predictions
0 2023-03-03   28.540098
1 2023-03-04   29.605616
2 2023-03-05   30.410442
3 2023-03-06   31.036001
4 2023-03-07   31.532646
******* City - Nizamabad ********
***** AQI Forecast********
***** Weather Forecast********
        Date Predictions
0 2023-03-03    28.63998
1 2023-03-04   29.740421
2 2023-03-05   30.546993
3 2023-03-06   31.156229
4 2023-03-07   31.626495
******* City - Warangal ********
***** AQI Forecast********
***** Weather Forecast********
        Date Predictions
0 2023-03-03   25.542915
1 2023-03-04   27.342728
2 2023-03-05     28.6798
3 2023-03-06   29.706701
4 2023-03-07   30.514669
******* City - Karimnagar ********
***** AQI Forecast********
***** Weather Forecast********
        Date Predictions
0 2023-03-03   28.765276
1 2023-03-04   29.967972
2 2023-03-05   30.863012
3 2023-03-06   31.551117
4 2023-03-07   32.092812
******* City - Khammam ********
***** AQI Forecast********
***** Weather Forecast********
        Date Predictions
0 2023-03-03   27.050436
1 2023-03-04   28.965656
2 2023-03-05   30.350735
3 2023-03-06   31.397915
4 2023-03-07   32.214645
	Daily Scheduler
	 2023-03-02 14:30:06.298450
******* City - Adilabad ********
***** AQI Forecast********
***** Weather Forecast********
        Date Predictions
0 2023-03-03   29.235809
1 2023-03-04   30.218243
2 2023-03-05   30.984806
3 2023-03-06   31.598108
4 2023-03-07   32.098305
******* City - Nizamabad ********
***** AQI Forecast********
***** Weather Forecast********
        Date Predictions
0 2023-03-03   29.086277
1 2023-03-04    29.92742
2 2023-03-05   30.559727
3 2023-03-06   31.045351
4 2023-03-07   31.424305
******* City - Warangal ********
***** AQI Forecast********
***** Weather Forecast********
        Date Predictions
0 2023-03-03   26.185148
1 2023-03-04   27.991232
2 2023-03-05   29.325066
3 2023-03-06   30.347771
4 2023-03-07   31.153339
******* City - Karimnagar ********
***** AQI Forecast********
***** Weather Forecast********
        Date Predictions
0 2023-03-03   29.328394
1 2023-03-04    30.32946
2 2023-03-05   31.076618
3 2023-03-06   31.649887
4 2023-03-07    32.09874
******* City - Khammam ********
***** AQI Forecast********
***** Weather Forecast********
        Date Predictions
0 2023-03-03   27.285439
1 2023-03-04   28.983463
2 2023-03-05   30.238338
3 2023-03-06   31.198702
4 2023-03-07   31.952425
	Daily Scheduler
	 2023-03-02 15:30:06.279585
******* City - Adilabad ********
***** AQI Forecast********
***** Weather Forecast********
        Date Predictions
0 2023-03-03   29.579348
1 2023-03-04   30.254776
2 2023-03-05   30.777512
3 2023-03-06   31.188688
4 2023-03-07   31.516159
******* City - Nizamabad ********
***** AQI Forecast********
***** Weather Forecast********
        Date Predictions
0 2023-03-03   29.742382
1 2023-03-04   30.502705
2 2023-03-05   31.068356
3 2023-03-06   31.498728
4 2023-03-07     31.8316
******* City - Warangal ********
***** AQI Forecast********
***** Weather Forecast********
        Date Predictions
0 2023-03-03   26.424414
1 2023-03-04   28.045321
2 2023-03-05    29.24461
3 2023-03-06   30.161806
4 2023-03-07   30.880213
******* City - Karimnagar ********
***** AQI Forecast********
***** Weather Forecast********
        Date Predictions
0 2023-03-03   29.997688
1 2023-03-04   30.979563
2 2023-03-05   31.740601
3 2023-03-06   32.345249
4 2023-03-07   32.834801
******* City - Khammam ********
***** AQI Forecast********
***** Weather Forecast********
        Date Predictions
0 2023-03-03   27.731373
1 2023-03-04   29.279716
2 2023-03-05   30.410954
3 2023-03-06   31.266577
4 2023-03-07   31.929914
	Daily Scheduler
	 2023-03-02 16:30:06.648617
******* City - Adilabad ********
***** AQI Forecast********
***** Weather Forecast********
        Date Predictions
0 2023-03-03   30.242399
1 2023-03-04    30.93931
2 2023-03-05   31.496964
3 2023-03-06   31.950491
4 2023-03-07   32.324116
******* City - Nizamabad ********
***** AQI Forecast********
***** Weather Forecast********
        Date Predictions
0 2023-03-03   30.293648
1 2023-03-04    31.00317
2 2023-03-05   31.551682
3 2023-03-06    31.98357
4 2023-03-07    32.32843
******* City - Warangal ********
***** AQI Forecast********
***** Weather Forecast********
        Date Predictions
0 2023-03-03   26.807135
1 2023-03-04   28.442812
2 2023-03-05   29.700455
3 2023-03-06   30.697023
4 2023-03-07    31.50477
******* City - Karimnagar ********
***** AQI Forecast********
***** Weather Forecast********
        Date Predictions
0 2023-03-03   30.369299
1 2023-03-04   31.143518
2 2023-03-05   31.748373
3 2023-03-06    32.22995
4 2023-03-07   32.619015
******* City - Khammam ********
***** AQI Forecast********
***** Weather Forecast********
        Date Predictions
0 2023-03-03   28.284689
1 2023-03-04   29.899103
2 2023-03-05   31.127724
3 2023-03-06    32.09491
4 2023-03-07   32.875637
	Daily Scheduler
	 2023-03-02 17:30:06.035479
******* City - Adilabad ********
***** AQI Forecast********
***** Weather Forecast********
        Date Predictions
0 2023-03-03   30.492809
1 2023-03-04   31.012333
2 2023-03-05   31.427761
3 2023-03-06   31.763857
4 2023-03-07   32.038288
******* City - Nizamabad ********
***** AQI Forecast********
***** Weather Forecast********
        Date Predictions
0 2023-03-03   30.608383
1 2023-03-04    31.20085
2 2023-03-05    31.66279
3 2023-03-06   32.028393
4 2023-03-07   32.321114
******* City - Warangal ********
***** AQI Forecast********
***** Weather Forecast********
        Date Predictions
0 2023-03-03   27.158951
1 2023-03-04   28.778393
2 2023-03-05   30.016405
3 2023-03-06   30.993134
4 2023-03-07   31.782085
******* City - Karimnagar ********
***** AQI Forecast********
***** Weather Forecast********
        Date Predictions
0 2023-03-03   30.883423
1 2023-03-04   31.700989
2 2023-03-05   32.355251
3 2023-03-06   32.889923
4 2023-03-07   33.334126
******* City - Khammam ********
***** AQI Forecast********
***** Weather Forecast********
        Date Predictions
0 2023-03-03   28.558107
1 2023-03-04   30.012836
2 2023-03-05    31.09219
3 2023-03-06   31.920141
4 2023-03-07    32.57077
	Daily Scheduler
	 2023-03-02 18:30:05.954100
******* City - Adilabad ********
***** AQI Forecast********
***** Weather Forecast********
        Date Predictions
0 2023-03-03   31.165621
1 2023-03-04   31.938326
2 2023-03-05   32.579037
3 2023-03-06    33.12075
4 2023-03-07   33.586086
******* City - Nizamabad ********
***** AQI Forecast********
***** Weather Forecast********
        Date Predictions
0 2023-03-03   30.921415
1 2023-03-04   31.464926
2 2023-03-05   31.888437
3 2023-03-06   32.223213
4 2023-03-07   32.490799
******* City - Warangal ********
***** AQI Forecast********
***** Weather Forecast********
        Date Predictions
0 2023-03-03   27.120462
1 2023-03-04   28.522736
2 2023-03-05   29.590809
3 2023-03-06   30.425995
4 2023-03-07   31.092012
******* City - Karimnagar ********
***** AQI Forecast********
***** Weather Forecast********
        Date Predictions
0 2023-03-03   31.007807
1 2023-03-04   31.617601
2 2023-03-05   32.094742
3 2023-03-06   32.474533
4 2023-03-07   32.780846
******* City - Khammam ********
***** AQI Forecast********
***** Weather Forecast********
        Date Predictions
0 2023-03-03   28.782862
1 2023-03-04    30.23469
2 2023-03-05   31.339401
3 2023-03-06   32.206436
4 2023-03-07   32.902798
	Daily Scheduler
	 2023-03-02 19:30:05.720462
******* City - Adilabad ********
***** AQI Forecast********
***** Weather Forecast********
        Date Predictions
0 2023-03-03   30.873562
1 2023-03-04   31.283829
2 2023-03-05   31.609768
3 2023-03-06   31.871489
4 2023-03-07    32.08342
******* City - Nizamabad ********
***** AQI Forecast********
***** Weather Forecast********
        Date Predictions
0 2023-03-03   31.099133
1 2023-03-04   31.691179
2 2023-03-05   32.167843
3 2023-03-06   32.557209
4 2023-03-07   32.878963
******* City - Warangal ********
***** AQI Forecast********
***** Weather Forecast********
        Date Predictions
0 2023-03-03   27.263826
1 2023-03-04   28.625246
2 2023-03-05   29.657373
3 2023-03-06   30.460835
4 2023-03-07     31.0987
******* City - Karimnagar ********
***** AQI Forecast********
***** Weather Forecast********
        Date Predictions
0 2023-03-03   31.228674
1 2023-03-04   31.920734
2 2023-03-05   32.477676
3 2023-03-06   32.933426
4 2023-03-07   33.311356
******* City - Khammam ********
***** AQI Forecast********
***** Weather Forecast********
        Date Predictions
0 2023-03-03   28.851809
1 2023-03-04   30.196745
2 2023-03-05   31.193224
3 2023-03-06   31.955542
4 2023-03-07   32.552402
	Daily Scheduler
	 2023-03-02 20:30:05.786285
******* City - Adilabad ********
***** AQI Forecast********
***** Weather Forecast********
        Date Predictions
0 2023-03-03    30.88448
1 2023-03-04   31.285482
2 2023-03-05   31.608459
3 2023-03-06   31.870914
4 2023-03-07   32.085716
******* City - Nizamabad ********
***** AQI Forecast********
***** Weather Forecast********
        Date Predictions
0 2023-03-03   31.059566
1 2023-03-04   31.587648
2 2023-03-05   32.005699
3 2023-03-06   32.341045
4 2023-03-07    32.61285
******* City - Warangal ********
***** AQI Forecast********
***** Weather Forecast********
        Date Predictions
0 2023-03-03   27.415455
1 2023-03-04    28.81616
2 2023-03-05   29.891773
3 2023-03-06   30.739685
4 2023-03-07   31.421391
******* City - Karimnagar ********
***** AQI Forecast********
***** Weather Forecast********
        Date Predictions
0 2023-03-03   31.149717
1 2023-03-04    31.74811
2 2023-03-05   32.223167
3 2023-03-06   32.606064
4 2023-03-07   32.918362
******* City - Khammam ********
***** AQI Forecast********
***** Weather Forecast********
        Date Predictions
0 2023-03-03   28.997597
1 2023-03-04    30.45575
2 2023-03-05   31.569645
3 2023-03-06   32.448387
4 2023-03-07   33.158436
	Daily Scheduler
	 2023-03-02 21:30:05.841775
******* City - Adilabad ********
***** AQI Forecast********
***** Weather Forecast********
        Date Predictions
0 2023-03-03   31.085745
1 2023-03-04   31.703817
2 2023-03-05   32.210941
3 2023-03-06    32.63327
4 2023-03-07   32.989265
******* City - Nizamabad ********
***** AQI Forecast********
***** Weather Forecast********
        Date Predictions
0 2023-03-03   31.135452
1 2023-03-04   31.768826
2 2023-03-05   32.270973
3 2023-03-06    32.67606
4 2023-03-07   33.007305
******* City - Warangal ********
***** AQI Forecast********
***** Weather Forecast********
        Date Predictions
0 2023-03-03   27.512947
1 2023-03-04   28.980667
2 2023-03-05   30.098116
3 2023-03-06   30.975264
4 2023-03-07   31.679565
******* City - Karimnagar ********
***** AQI Forecast********
***** Weather Forecast********
        Date Predictions
0 2023-03-03   31.364103
1 2023-03-04   32.183403
2 2023-03-05   32.843658
3 2023-03-06   33.387428
4 2023-03-07   33.843014
******* City - Khammam ********
***** AQI Forecast********
***** Weather Forecast********
        Date Predictions
0 2023-03-03   28.768084
1 2023-03-04   30.060217
2 2023-03-05   31.018953
3 2023-03-06    31.75065
4 2023-03-07   32.320656
	Daily Scheduler
	 2023-03-02 22:30:05.856098
******* City - Adilabad ********
***** AQI Forecast********
***** Weather Forecast********
        Date Predictions
0 2023-03-03   30.975597
1 2023-03-04   31.544102
2 2023-03-05    32.00436
3 2023-03-06   32.382191
4 2023-03-07   32.695824
******* City - Nizamabad ********
***** AQI Forecast********
***** Weather Forecast********
        Date Predictions
0 2023-03-03   30.956787
1 2023-03-04   31.490852
2 2023-03-05   31.908678
3 2023-03-06    32.24036
4 2023-03-07   32.506645
******* City - Warangal ********
***** AQI Forecast********
***** Weather Forecast********
        Date Predictions
0 2023-03-03   27.376953
1 2023-03-04   28.853994
2 2023-03-05   29.996153
3 2023-03-06   30.904499
4 2023-03-07   31.642401
******* City - Karimnagar ********
***** AQI Forecast********
***** Weather Forecast********
        Date Predictions
0 2023-03-03   30.925665
1 2023-03-04   31.437078
2 2023-03-05   31.836634
3 2023-03-06     32.1525
4 2023-03-07   32.404503
******* City - Khammam ********
***** AQI Forecast********
***** Weather Forecast********
        Date Predictions
0 2023-03-03   28.719725
1 2023-03-04   29.991926
2 2023-03-05   30.928349
3 2023-03-06   31.638823
4 2023-03-07   32.189739
	Daily Scheduler
	 2023-03-02 23:30:06.420434
******* City - Adilabad ********
***** AQI Forecast********
***** Weather Forecast********
        Date Predictions
0 2023-03-03   30.992374
1 2023-03-04   31.607733
2 2023-03-05   32.100807
3 2023-03-06   32.502289
4 2023-03-07   32.833363
******* City - Nizamabad ********
***** AQI Forecast********
***** Weather Forecast********
        Date Predictions
0 2023-03-03   31.099417
1 2023-03-04   31.785013
2 2023-03-05   32.326542
3 2023-03-06   32.762844
4 2023-03-07   33.119823
******* City - Warangal ********
***** AQI Forecast********
***** Weather Forecast********
        Date Predictions
0 2023-03-03   27.366516
1 2023-03-04    28.90844
2 2023-03-05   30.102686
3 2023-03-06   31.055645
4 2023-03-07   31.833395
******* City - Karimnagar ********
***** AQI Forecast********
***** Weather Forecast********
        Date Predictions
0 2023-03-03   31.232937
1 2023-03-04   32.039967
2 2023-03-05   32.692093
3 2023-03-06   33.229607
4 2023-03-07   33.679695
******* City - Khammam ********
***** AQI Forecast********
***** Weather Forecast********
        Date Predictions
0 2023-03-03   28.943195
1 2023-03-04   30.429153
2 2023-03-05    31.55118
3 2023-03-06   32.428181
4 2023-03-07   33.131287
	Daily Scheduler
	 2023-03-03 00:30:05.775418
******* City - Adilabad ********
***** AQI Forecast********
***** Weather Forecast********
        Date Predictions
0 2023-03-04   29.242527
1 2023-03-05   30.172487
2 2023-03-06   30.891123
3 2023-03-07    31.45965
4 2023-03-08   31.917524
******* City - Nizamabad ********
***** AQI Forecast********
***** Weather Forecast********
        Date Predictions
0 2023-03-04   29.409393
1 2023-03-05   30.430601
2 2023-03-06   31.201292
3 2023-03-07   31.799942
4 2023-03-08   32.275009
******* City - Warangal ********
***** AQI Forecast********
***** Weather Forecast********
        Date Predictions
0 2023-03-04   24.917952
1 2023-03-05   26.944006
2 2023-03-06   28.434885
3 2023-03-07   29.575624
4 2023-03-08   30.473221
******* City - Karimnagar ********
***** AQI Forecast********
***** Weather Forecast********
        Date Predictions
0 2023-03-04   29.446997
1 2023-03-05   30.509865
2 2023-03-06   31.321732
3 2023-03-07    31.95948
4 2023-03-08    32.47105
******* City - Khammam ********
***** AQI Forecast********
***** Weather Forecast********
        Date Predictions
0 2023-03-04   25.301222
1 2023-03-05   27.488457
2 2023-03-06   29.041746
3 2023-03-07   30.194649
4 2023-03-08   31.076813
	Daily Scheduler
	 2023-03-03 01:30:06.129319
******* City - Adilabad ********
***** AQI Forecast********
***** Weather Forecast********
        Date Predictions
0 2023-03-04   29.121252
1 2023-03-05   30.315567
2 2023-03-06   31.235865
3 2023-03-07   31.968349
4 2023-03-08   32.565777
******* City - Nizamabad ********
***** AQI Forecast********
***** Weather Forecast********
        Date Predictions
0 2023-03-04   28.835806
1 2023-03-05    29.76849
2 2023-03-06    30.44474
3 2023-03-07   30.947924
4 2023-03-08    31.32933
******* City - Warangal ********
***** AQI Forecast********
***** Weather Forecast********
        Date Predictions
0 2023-03-04   24.638502
1 2023-03-05   26.827789
2 2023-03-06   28.452152
3 2023-03-07   29.708267
4 2023-03-08   30.708902
******* City - Karimnagar ********
***** AQI Forecast********
***** Weather Forecast********
        Date Predictions
0 2023-03-04    29.09165
1 2023-03-05   30.255964
2 2023-03-06   31.142525
3 2023-03-07   31.837248
4 2023-03-08   32.393459
******* City - Khammam ********
***** AQI Forecast********
***** Weather Forecast********
        Date Predictions
0 2023-03-04    24.90266
1 2023-03-05   27.158176
2 2023-03-06   28.760294
3 2023-03-07   29.949751
4 2023-03-08    30.86025
	Daily Scheduler
	 2023-03-03 02:30:05.662239
******* City - Adilabad ********
***** AQI Forecast********
***** Weather Forecast********
        Date Predictions
0 2023-03-04   28.724653
1 2023-03-05   29.742208
2 2023-03-06   30.514961
3 2023-03-07   31.117872
4 2023-03-08   31.597868
******* City - Nizamabad ********
***** AQI Forecast********
***** Weather Forecast********
        Date Predictions
0 2023-03-04   28.825956
1 2023-03-05   29.898508
2 2023-03-06   30.700735
3 2023-03-07   31.317965
4 2023-03-08   31.802847
******* City - Warangal ********
***** AQI Forecast********
***** Weather Forecast********
        Date Predictions
0 2023-03-04   24.451992
1 2023-03-05   26.561972
2 2023-03-06   28.084305
3 2023-03-07    29.22946
4 2023-03-08   30.116371
******* City - Karimnagar ********
***** AQI Forecast********
***** Weather Forecast********
        Date Predictions
0 2023-03-04   29.017231
1 2023-03-05    30.18471
2 2023-03-06   31.038813
3 2023-03-07   31.686625
4 2023-03-08   32.190773
******* City - Khammam ********
***** AQI Forecast********
***** Weather Forecast********
        Date Predictions
0 2023-03-04   24.831627
1 2023-03-05   27.238188
2 2023-03-06   29.006937
3 2023-03-07   30.364727
4 2023-03-08   31.439705
	Daily Scheduler
	 2023-03-03 03:30:05.794248
******* City - Adilabad ********
***** AQI Forecast********
***** Weather Forecast********
        Date Predictions
0 2023-03-04   28.473625
1 2023-03-05    29.56951
2 2023-03-06   30.414408
3 2023-03-07   31.083176
4 2023-03-08   31.623209
******* City - Nizamabad ********
***** AQI Forecast********
***** Weather Forecast********
        Date Predictions
0 2023-03-04    28.60112
1 2023-03-05   29.726353
2 2023-03-06   30.554052
3 2023-03-07    31.18231
4 2023-03-08   31.670134
******* City - Warangal ********
***** AQI Forecast********
***** Weather Forecast********
        Date Predictions
0 2023-03-04   24.158394
1 2023-03-05   26.313021
2 2023-03-06   27.876448
3 2023-03-07   29.057941
4 2023-03-08   29.976778
******* City - Karimnagar ********
***** AQI Forecast********
***** Weather Forecast********
        Date Predictions
0 2023-03-04   28.699383
1 2023-03-05   29.895597
2 2023-03-06   30.778328
3 2023-03-07   31.451162
4 2023-03-08   31.976156
******* City - Khammam ********
***** AQI Forecast********
***** Weather Forecast********
        Date Predictions
0 2023-03-04   24.801065
1 2023-03-05    27.24987
2 2023-03-06   29.059347
3 2023-03-07   30.458754
4 2023-03-08   31.576693
	Daily Scheduler
	 2023-03-03 04:30:05.594322
******* City - Adilabad ********
***** AQI Forecast********
***** Weather Forecast********
        Date Predictions
0 2023-03-04   28.310314
1 2023-03-05   29.574982
2 2023-03-06   30.550789
3 2023-03-07   31.327248
4 2023-03-08    31.95966
******* City - Nizamabad ********
***** AQI Forecast********
***** Weather Forecast********
        Date Predictions
0 2023-03-04   28.358147
1 2023-03-05   29.622835
2 2023-03-06   30.574087
3 2023-03-07   31.312424
4 2023-03-08   31.898977
******* City - Warangal ********
***** AQI Forecast********
***** Weather Forecast********
        Date Predictions
0 2023-03-04   24.102255
1 2023-03-05    26.26231
2 2023-03-06   27.782553
3 2023-03-07   28.902727
4 2023-03-08   29.754292
******* City - Karimnagar ********
***** AQI Forecast********
***** Weather Forecast********
        Date Predictions
0 2023-03-04   28.493807
1 2023-03-05   29.843119
2 2023-03-06   30.853525
3 2023-03-07   31.636707
4 2023-03-08   32.259308
******* City - Khammam ********
***** AQI Forecast********
***** Weather Forecast********
        Date Predictions
0 2023-03-04   24.361477
1 2023-03-05   26.624763
2 2023-03-06   28.244577
3 2023-03-07   29.450737
4 2023-03-08   30.374001
	Daily Scheduler
	 2023-03-03 05:30:05.723552
******* City - Adilabad ********
***** AQI Forecast********
***** Weather Forecast********
        Date Predictions
0 2023-03-04   27.921778
1 2023-03-05    29.07472
2 2023-03-06   29.945353
3 2023-03-07   30.621593
4 2023-03-08   31.157959
******* City - Nizamabad ********
***** AQI Forecast********
***** Weather Forecast********
        Date Predictions
0 2023-03-04   28.266851
1 2023-03-05   29.623009
2 2023-03-06   30.628174
3 2023-03-07   31.401842
4 2023-03-08   32.013866
******* City - Warangal ********
***** AQI Forecast********
***** Weather Forecast********
        Date Predictions
0 2023-03-04   23.953876
1 2023-03-05   26.283319
2 2023-03-06   28.034193
3 2023-03-07   29.404219
4 2023-03-08   30.508141
******* City - Karimnagar ********
***** AQI Forecast********
***** Weather Forecast********
        Date Predictions
0 2023-03-04   28.116262
1 2023-03-05   29.354368
2 2023-03-06   30.255831
3 2023-03-07   30.933603
4 2023-03-08   31.455023
******* City - Khammam ********
***** AQI Forecast********
***** Weather Forecast********
        Date Predictions
0 2023-03-04   24.277891
1 2023-03-05   26.586386
2 2023-03-06   28.239105
3 2023-03-07   29.473652
4 2023-03-08   30.423401
	Daily Scheduler
	 2023-03-03 06:30:05.771780
******* City - Adilabad ********
***** AQI Forecast********
***** Weather Forecast********
        Date Predictions
0 2023-03-04   27.720079
1 2023-03-05   28.933298
2 2023-03-06   29.829836
3 2023-03-07   30.513969
4 2023-03-08   31.048325
******* City - Nizamabad ********
***** AQI Forecast********
***** Weather Forecast********
        Date Predictions
0 2023-03-04   28.072229
1 2023-03-05    29.52092
2 2023-03-06   30.593195
3 2023-03-07   31.418221
4 2023-03-08   32.071049
******* City - Warangal ********
***** AQI Forecast********
***** Weather Forecast********
        Date Predictions
0 2023-03-04   23.793823
1 2023-03-05   26.069641
2 2023-03-06   27.714132
3 2023-03-07   28.954838
4 2023-03-08   29.919666
******* City - Karimnagar ********
***** AQI Forecast********
***** Weather Forecast********
        Date Predictions
0 2023-03-04   28.100927
1 2023-03-05   29.528547
2 2023-03-06   30.562853
3 2023-03-07   31.344442
4 2023-03-08   31.952869
******* City - Khammam ********
***** AQI Forecast********
***** Weather Forecast********
        Date Predictions
0 2023-03-04   24.308641
1 2023-03-05   26.601864
2 2023-03-06   28.232439
3 2023-03-07   29.443081
4 2023-03-08   30.369102
	Daily Scheduler
	 2023-03-03 07:30:06.430567
******* City - Adilabad ********
***** AQI Forecast********
***** Weather Forecast********
        Date Predictions
0 2023-03-04   27.712362
1 2023-03-05   29.180443
2 2023-03-06   30.275818
3 2023-03-07   31.126801
4 2023-03-08    31.80765
******* City - Nizamabad ********
***** AQI Forecast********
***** Weather Forecast********
        Date Predictions
0 2023-03-04   27.614357
1 2023-03-05   28.966478
2 2023-03-06   29.939075
3 2023-03-07   30.665508
4 2023-03-08   31.222706
******* City - Warangal ********
***** AQI Forecast********
***** Weather Forecast********
        Date Predictions
0 2023-03-04   23.626722
1 2023-03-05   25.963188
2 2023-03-06    27.68586
3 2023-03-07   29.010759
4 2023-03-08   30.060902
******* City - Karimnagar ********
***** AQI Forecast********
***** Weather Forecast********
        Date Predictions
0 2023-03-04   27.706753
1 2023-03-05   29.176937
2 2023-03-06   30.269783
3 2023-03-07     31.1113
4 2023-03-08   31.776169
******* City - Khammam ********
***** AQI Forecast********
***** Weather Forecast********
        Date Predictions
0 2023-03-04    24.22801
1 2023-03-05   26.560081
2 2023-03-06   28.231569
3 2023-03-07   29.481922
4 2023-03-08   30.445286
	Daily Scheduler
	 2023-03-03 08:30:06.318772
******* City - Adilabad ********
***** AQI Forecast********
***** Weather Forecast********
        Date Predictions
0 2023-03-04   27.397955
1 2023-03-05   28.767447
2 2023-03-06   29.776712
3 2023-03-07   30.546549
4 2023-03-08   31.148598
******* City - Nizamabad ********
***** AQI Forecast********
***** Weather Forecast********
        Date Predictions
0 2023-03-04   27.486345
1 2023-03-05   28.878012
2 2023-03-06   29.880741
3 2023-03-07   30.630489
4 2023-03-08   31.205978
******* City - Warangal ********
***** AQI Forecast********
***** Weather Forecast********
        Date Predictions
0 2023-03-04   23.657742
1 2023-03-05     25.9988
2 2023-03-06   27.700453
3 2023-03-07   28.990938
4 2023-03-08   29.999365
******* City - Karimnagar ********
***** AQI Forecast********
***** Weather Forecast********
        Date Predictions
0 2023-03-04   27.610445
1 2023-03-05   29.064793
2 2023-03-06   30.102922
3 2023-03-07   30.874212
4 2023-03-08   31.463501
******* City - Khammam ********
***** AQI Forecast********
***** Weather Forecast********
        Date Predictions
0 2023-03-04   24.431664
1 2023-03-05   26.896574
2 2023-03-06   28.680885
3 2023-03-07   30.032871
4 2023-03-08   31.090578
	Daily Scheduler
	 2023-03-03 09:30:05.998853
******* City - Adilabad ********
***** AQI Forecast********
***** Weather Forecast********
        Date Predictions
0 2023-03-04   27.365326
1 2023-03-05    28.62027
2 2023-03-06   29.550976
3 2023-03-07   30.261892
4 2023-03-08   30.816746
******* City - Nizamabad ********
***** AQI Forecast********
***** Weather Forecast********
        Date Predictions
0 2023-03-04   27.664894
1 2023-03-05   29.088966
2 2023-03-06   30.127483
3 2023-03-07   30.913754
4 2023-03-08   31.525204
******* City - Warangal ********
***** AQI Forecast********
***** Weather Forecast********
        Date Predictions
0 2023-03-04   23.925154
1 2023-03-05   26.107828
2 2023-03-06   27.721109
3 2023-03-07   28.959831
4 2023-03-08   29.937305
******* City - Karimnagar ********
***** AQI Forecast********
***** Weather Forecast********
        Date Predictions
0 2023-03-04   27.838362
1 2023-03-05   29.373932
2 2023-03-06   30.498363
3 2023-03-07   31.358263
4 2023-03-08   32.036549
******* City - Khammam ********
***** AQI Forecast********
***** Weather Forecast********
        Date Predictions
0 2023-03-04   24.739908
1 2023-03-05   27.146067
2 2023-03-06   28.859375
3 2023-03-07   30.138226
4 2023-03-08   31.124332
	Daily Scheduler
	 2023-03-03 10:30:05.850460
******* City - Adilabad ********
***** AQI Forecast********
***** Weather Forecast********
        Date Predictions
0 2023-03-04   27.739668
1 2023-03-05   28.991327
2 2023-03-06   29.932854
3 2023-03-07   30.663691
4 2023-03-08   31.244337
******* City - Nizamabad ********
***** AQI Forecast********
***** Weather Forecast********
        Date Predictions
0 2023-03-04   28.038336
1 2023-03-05    29.44869
2 2023-03-06   30.484758
3 2023-03-07     31.2771
4 2023-03-08   31.900782
******* City - Warangal ********
***** AQI Forecast********
***** Weather Forecast********
        Date Predictions
0 2023-03-04   24.520144
1 2023-03-05   26.493467
2 2023-03-06   27.886894
3 2023-03-07   28.911152
4 2023-03-08   29.685188
******* City - Karimnagar ********
***** AQI Forecast********
***** Weather Forecast********
        Date Predictions
0 2023-03-04   27.922583
1 2023-03-05   29.250881
2 2023-03-06   30.216799
3 2023-03-07   30.943899
4 2023-03-08    31.50489
******* City - Khammam ********
***** AQI Forecast********
***** Weather Forecast********
        Date Predictions
0 2023-03-04   25.013237
1 2023-03-05   27.258989
2 2023-03-06   28.895336
3 2023-03-07   30.138882
4 2023-03-08   31.112402
	Daily Scheduler
	 2023-03-03 11:30:05.881188
******* City - Adilabad ********
***** AQI Forecast********
***** Weather Forecast********
        Date Predictions
0 2023-03-04   28.140398
1 2023-03-05   29.342949
2 2023-03-06    30.26088
3 2023-03-07   30.982161
4 2023-03-08   31.561371
******* City - Nizamabad ********
***** AQI Forecast********
***** Weather Forecast********
        Date Predictions
0 2023-03-04    28.29921
1 2023-03-05   29.561445
2 2023-03-06      30.493
3 2023-03-07   31.204815
4 2023-03-08   31.762596
******* City - Warangal ********
***** AQI Forecast********
***** Weather Forecast********
        Date Predictions
0 2023-03-04   25.338959
1 2023-03-05   27.437145
2 2023-03-06   28.994633
3 2023-03-07   30.199436
4 2023-03-08     31.1595
******* City - Karimnagar ********
***** AQI Forecast********
***** Weather Forecast********
        Date Predictions
0 2023-03-04   28.233505
1 2023-03-05   29.459393
2 2023-03-06   30.364279
3 2023-03-07   31.052319
4 2023-03-08   31.586855
******* City - Khammam ********
***** AQI Forecast********
***** Weather Forecast********
        Date Predictions
0 2023-03-04   25.493372
1 2023-03-05   27.663214
2 2023-03-06   29.247971
3 2023-03-07   30.453588
4 2023-03-08   31.397652
	Daily Scheduler
	 2023-03-03 12:30:06.490645
******* City - Adilabad ********
***** AQI Forecast********
***** Weather Forecast********
        Date Predictions
0 2023-03-04   28.628931
1 2023-03-05   29.602762
2 2023-03-06    30.34446
3 2023-03-07   30.922943
4 2023-03-08   31.382257
******* City - Nizamabad ********
***** AQI Forecast********
***** Weather Forecast********
        Date Predictions
0 2023-03-04   28.924826
1 2023-03-05   30.090723
2 2023-03-06   30.969753
3 2023-03-07   31.653706
4 2023-03-08   32.198421
******* City - Warangal ********
***** AQI Forecast********
***** Weather Forecast********
        Date Predictions
0 2023-03-04   25.453926
1 2023-03-05   27.196186
2 2023-03-06   28.491524
3 2023-03-07   29.485699
4 2023-03-08   30.266571
******* City - Karimnagar ********
***** AQI Forecast********
***** Weather Forecast********
        Date Predictions
0 2023-03-04   28.905615
1 2023-03-05   30.072815
2 2023-03-06   30.960974
3 2023-03-07   31.656796
4 2023-03-08   32.213943
******* City - Khammam ********
***** AQI Forecast********
***** Weather Forecast********
        Date Predictions
0 2023-03-04   25.887495
1 2023-03-05   27.691868
2 2023-03-06    28.98402
3 2023-03-07   29.942179
4 2023-03-08   30.670166
	Daily Scheduler
	 2023-03-03 13:30:06.388471
******* City - Adilabad ********
***** AQI Forecast********
***** Weather Forecast********
        Date Predictions
0 2023-03-04   29.240557
1 2023-03-05   30.119598
2 2023-03-06   30.799395
3 2023-03-07   31.336212
4 2023-03-08   31.766954
******* City - Nizamabad ********
***** AQI Forecast********
***** Weather Forecast********
        Date Predictions
0 2023-03-04   29.362722
1 2023-03-05   30.305235
2 2023-03-06   31.017265
3 2023-03-07   31.568598
4 2023-03-08   32.003395
******* City - Warangal ********
***** AQI Forecast********
***** Weather Forecast********
        Date Predictions
0 2023-03-04   25.793182
1 2023-03-05   27.275908
2 2023-03-06   28.345737
3 2023-03-07   29.141459
4 2023-03-08   29.746119
******* City - Karimnagar ********
***** AQI Forecast********
***** Weather Forecast********
        Date Predictions
0 2023-03-04   29.358391
1 2023-03-05   30.302448
2 2023-03-06   31.017998
3 2023-03-07   31.573246
4 2023-03-08   32.011726
******* City - Khammam ********
***** AQI Forecast********
***** Weather Forecast********
        Date Predictions
0 2023-03-04    26.85133
1 2023-03-05   28.753719
2 2023-03-06   30.139999
3 2023-03-07    31.19289
4 2023-03-08   32.016319
	Daily Scheduler
	 2023-03-03 14:30:06.352549
******* City - Adilabad ********
***** AQI Forecast********
***** Weather Forecast********
        Date Predictions
0 2023-03-04   29.726223
1 2023-03-05   30.432814
2 2023-03-06   30.984329
3 2023-03-07   31.422287
4 2023-03-08   31.774723
******* City - Nizamabad ********
***** AQI Forecast********
***** Weather Forecast********
        Date Predictions
0 2023-03-04   29.771986
1 2023-03-05   30.492741
2 2023-03-06   31.040749
3 2023-03-07   31.465113
4 2023-03-08   31.798288
******* City - Warangal ********
***** AQI Forecast********
***** Weather Forecast********
        Date Predictions
0 2023-03-04   26.622808
1 2023-03-05   28.383995
2 2023-03-06   29.728422
3 2023-03-07   30.790775
4 2023-03-08   31.652126
******* City - Karimnagar ********
***** AQI Forecast********
***** Weather Forecast********
        Date Predictions
0 2023-03-04    29.80649
1 2023-03-05   30.557152
2 2023-03-06    31.13113
3 2023-03-07   31.578119
4 2023-03-08   31.931065
******* City - Khammam ********
***** AQI Forecast********
***** Weather Forecast********
        Date Predictions
0 2023-03-04   27.366825
1 2023-03-05   29.159014
2 2023-03-06   30.484785
3 2023-03-07   31.504398
4 2023-03-08   32.310753
	Daily Scheduler
	 2023-03-03 15:30:05.892246
******* City - Adilabad ********
***** AQI Forecast********
***** Weather Forecast********
        Date Predictions
0 2023-03-04   30.347794
1 2023-03-05   31.013561
2 2023-03-06    31.54681
3 2023-03-07   31.980515
4 2023-03-08   32.337566
******* City - Nizamabad ********
***** AQI Forecast********
***** Weather Forecast********
        Date Predictions
0 2023-03-04   30.503927
1 2023-03-05   31.256863
2 2023-03-06   31.838228
3 2023-03-07   32.296837
4 2023-03-08   32.664547
******* City - Warangal ********
***** AQI Forecast********
***** Weather Forecast********
        Date Predictions
0 2023-03-04   27.023146
1 2023-03-05   28.688694
2 2023-03-06   29.965698
3 2023-03-07    30.97682
4 2023-03-08   31.796881
******* City - Karimnagar ********
***** AQI Forecast********
***** Weather Forecast********
        Date Predictions
0 2023-03-04   30.411856
1 2023-03-05   31.115496
2 2023-03-06   31.670122
3 2023-03-07   32.114414
4 2023-03-08   32.474846
******* City - Khammam ********
***** AQI Forecast********
***** Weather Forecast********
        Date Predictions
0 2023-03-04   27.931408
1 2023-03-05   29.667152
2 2023-03-06    30.97529
3 2023-03-07   31.998619
4 2023-03-08   32.821289
