\Monthly Scheduler
	 2023-03-01 00:05:07.677773
******* City - Adilabad ********
Prev Month 2
**AQI**
        DATE    AQI  PM2.5  PM10  SO2   NO2  NH3
5 2023-02-01  102.0   52.0  90.0  6.5  10.0    0
6 2023-02-02   73.5   32.5  74.0  5.5  12.5    0
7 2023-02-03   77.5   41.5  78.5  4.5  13.5    0
8 2023-02-04   97.5   51.5  96.0  7.5  15.5    0
9 2023-02-05   96.5   52.5  94.0  4.5  15.0    0
**Weather**
         DATE  Max Temp (°C)  ... Min Wind Speed (Kmph) Max Wind Speed (Kmph)
31 2018-02-01           35.9  ...                     0                  19.1
32 2018-02-02           35.6  ...                   0.9                  20.5
33 2018-02-03           35.9  ...                     0                  16.8
34 2018-02-04           36.0  ...                   5.5                  19.1
35 2018-02-05           35.8  ...                   2.8                  22.4

[5 rows x 8 columns]
                   DATE       SO2        NO2  ...      PM2.5   NH3         AQI
82  2022-11-01 00:00:00  7.500000  26.400000  ...  32.000000  18.0   58.000000
83  2022-12-01 00:00:00  9.500000  25.300000  ...  33.000000  20.0   62.000000
84  2023-02-01 00:00:00  7.520000  17.020000  ...  56.360000   0.0  113.320000
85  2023-02-01 00:00:00  8.672415  16.803877  ...  60.643850   0.0  121.139127
86           2023-02-01  9.001385  16.430527  ...  62.061382   0.0  123.421502

[5 rows x 7 columns]
Start Time: 2023-03-01
Type: <class 'datetime.date'> 

***** AQI Forecast********
        Date Predictions
0 2023-03-01   94.517822
1 2023-04-01   80.878876
2 2023-05-01   74.737465
3 2023-06-01   72.041077
4 2023-07-01   70.871384
                   DATE  District  ...  Min Wind Speed (Kmph) Max Wind Speed (Kmph)
54              2022-07  Adilabad  ...                    6.6                  24.7
55              2022-08  Adilabad  ...                   11.8                  67.9
56              2022-09  Adilabad  ...                    4.5                  45.6
57  2023-02-01 00:00:00         -  ...                      -                     -
58           2023-02-01         -  ...                      -                     -

[5 rows x 9 columns]
Start Time: 2023-03-01
Type: <class 'datetime.date'> 

***** Weather Forecast********
        Date Predictions
0 2023-03-01   36.772171
1 2023-04-01   38.064892
2 2023-05-01   38.672863
3 2023-06-01   38.962948
4 2023-07-01   39.102268
******* City - Nizamabad ********
Prev Month 2
**AQI**
        DATE   AQI  PM2.5  PM10  SO2  NO2  NH3
5 2023-02-01  84.0   47.0  82.0  4.0  4.0    0
6 2023-02-02  74.0   40.0  74.0  3.5  4.5    0
7 2023-02-03  62.5   32.5  62.5  3.5  5.5    0
8 2023-02-04  79.0   43.5  78.5  5.0  6.0    0
9 2023-02-05  76.5   42.5  75.0  4.0  5.5    0
**Weather**
         DATE  Max Temp (°C)  ... Min Wind Speed (Kmph) Max Wind Speed (Kmph)
31 2018-02-01           35.6  ...                     0                  13.7
32 2018-02-02           36.1  ...                     0                    15
33 2018-02-03           35.9  ...                     0                  15.2
34 2018-02-04           35.7  ...                     0                  14.3
35 2018-02-05           35.5  ...                     0                  15.1

[5 rows x 8 columns]
                   DATE       SO2        NO2  ...      PM2.5   NH3       AQI
82  2022-11-01 00:00:00  6.800000  25.000000  ...  30.000000  16.0  56.00000
83  2022-12-01 00:00:00  7.500000  22.600000  ...  29.000000  17.0  59.00000
84  2023-02-01 00:00:00  4.620000   6.040000  ...  40.900000   0.0  78.50000
85  2023-02-01 00:00:00  4.657531   5.903030  ...  41.332086   0.0  76.87402
86           2023-02-01  4.630491   5.776443  ...  41.228296   0.0  75.98835

[5 rows x 7 columns]
Start Time: 2023-03-01
Type: <class 'datetime.date'> 

***** AQI Forecast********
        Date Predictions
0 2023-03-01   66.620125
1 2023-04-01   63.104774
2 2023-05-01   61.809948
3 2023-06-01   61.336594
4 2023-07-01   61.164036
                   DATE   District  ...  Min Wind Speed (Kmph) Max Wind Speed (Kmph)
54              2022-07  Nizamabad  ...                   13.7                    65
55              2022-08  Nizamabad  ...                    7.5                  58.6
56              2022-09  Nizamabad  ...                    5.7                  50.2
57  2023-02-01 00:00:00          -  ...                      -                     -
58           2023-02-01          -  ...                      -                     -

[5 rows x 9 columns]
Start Time: 2023-03-01
Type: <class 'datetime.date'> 

***** Weather Forecast********
        Date Predictions
0 2023-03-01   37.118813
1 2023-04-01   38.386578
2 2023-05-01   38.956875
3 2023-06-01   39.217049
4 2023-07-01   39.336464
******* City - Warangal ********
Prev Month 2
**AQI**
        DATE   AQI  PM2.5  PM10  SO2  NO2  NH3
5 2023-02-01  90.0   51.0  83.0  3.0  4.0    0
6 2023-02-02  75.0   34.0  75.0  3.5  4.0    0
7 2023-02-03  72.5   33.0  72.5  4.0  5.0    0
8 2023-02-04  86.0   37.5  84.5  3.5  4.5    0
9 2023-02-05  80.0   29.5  79.0  3.5  4.5    0
**Weather**
         DATE  Max Temp (°C)  ... Min Wind Speed (Kmph) Max Wind Speed (Kmph)
32 2018-02-01           35.8  ...                   0.9                  22.5
33 2018-02-01           35.8  ...                   0.9                  22.5
34 2018-02-02           35.7  ...                     2                  22.9
35 2018-02-02           35.7  ...                     2                  22.9
36 2018-02-03           35.8  ...                   1.5                  16.3

[5 rows x 8 columns]
                   DATE       SO2        NO2  ...      PM2.5   NH3         AQI
82  2022-11-01 00:00:00  6.000000  29.500000  ...  49.000000  38.5   71.500000
83  2022-12-01 00:00:00  6.550000  29.000000  ...  63.000000  36.5  105.000000
84  2023-02-01 00:00:00  3.760000   4.900000  ...  34.020000   0.0   75.140000
85  2023-02-01 00:00:00  3.808824   4.855169  ...  34.349643   0.0   73.316845
86           2023-02-01  3.833333   4.815262  ...  34.130827   0.0   72.504049

[5 rows x 7 columns]
Start Time: 2023-03-01
Type: <class 'datetime.date'> 

***** AQI Forecast********
        Date Predictions
0 2023-03-01   72.344589
1 2023-04-01   72.267136
2 2023-05-01   72.229507
3 2023-06-01    72.21125
4 2023-07-01   72.202385
                   DATE  District  ...  Min Wind Speed (Kmph) Max Wind Speed (Kmph)
54              2022-07  Warangal  ...                    8.7                  23.6
55              2022-08  Warangal  ...                    5.9                  22.4
56              2022-09  Warangal  ...                    3.4                  22.7
57  2023-02-01 00:00:00         -  ...                      -                     -
58           2023-02-01         -  ...                      -                     -

[5 rows x 9 columns]
Start Time: 2023-03-01
Type: <class 'datetime.date'> 

***** Weather Forecast********
        Date Predictions
0 2023-03-01   36.697731
1 2023-04-01   37.998375
2 2023-05-01   38.567364
3 2023-06-01   38.819527
4 2023-07-01   38.931889
******* City - Karimnagar ********
Prev Month 2
**AQI**
        DATE   AQI  PM2.5  PM10  SO2  NO2  NH3
5 2023-02-01  94.5   50.5  90.5  4.5  6.5    0
6 2023-02-02  76.5   37.0  76.5  4.0  7.0    0
7 2023-02-03  66.5   34.5  66.5  4.0  7.5    0
8 2023-02-04  89.0   47.0  88.5  5.5  8.5    0
9 2023-02-05  86.0   46.0  85.0  4.0  8.0    0
**Weather**
         DATE  Max Temp (°C)  ... Min Wind Speed (Kmph) Max Wind Speed (Kmph)
31 2018-02-01           36.0  ...                   1.4                  21.5
32 2018-02-02           35.9  ...                   3.9                  19.2
33 2018-02-03           36.0  ...                   1.7                  22.7
34 2018-02-04           35.9  ...                   0.5                  21.1
35 2018-02-05           35.4  ...                     0                  18.7

[5 rows x 8 columns]
                   DATE       SO2        NO2  ...      PM2.5   NH3         AQI
82  2022-11-01 00:00:00  7.100000  35.650000  ...  45.500000  31.0   71.500000
83  2022-12-01 00:00:00  6.800000  40.150000  ...  51.000000  38.5  105.000000
84  2023-02-01 00:00:00  6.140000   9.220000  ...  47.460000   0.0   92.500000
85  2023-02-01 00:00:00  6.757175   9.004234  ...  48.939706   0.0   91.729323
86           2023-02-01  6.887519   8.811016  ...  49.290990   0.0   91.108942

[5 rows x 7 columns]
Start Time: 2023-03-01
Type: <class 'datetime.date'> 

***** AQI Forecast********
        Date Predictions
0 2023-03-01   87.172867
1 2023-04-01    85.03717
2 2023-05-01   83.883949
3 2023-06-01   83.262901
4 2023-07-01    82.92894
        District  ... Max Wind Speed (Kmph)
1730  Karimnagar  ...                  10.7
1731  Karimnagar  ...                    14
1732  Karimnagar  ...                  13.1
1733           -  ...                     -
1734           -  ...                     -

[5 rows x 9 columns]
Start Time: 2023-03-01
Type: <class 'datetime.date'> 

***** Weather Forecast********
        Date Predictions
0 2023-03-01   34.246822
1 2023-04-01   34.351967
2 2023-05-01   34.441917
3 2023-06-01   34.519073
4 2023-07-01   34.585392
******* City - Khammam ********
Prev Month 2
**AQI**
        DATE    AQI  PM2.5   PM10  SO2  NO2  NH3
5 2023-02-01  145.0   70.5  124.5  4.5  6.0    0
6 2023-02-02  116.5   59.0  123.0  5.5  6.5    0
7 2023-02-03  119.0   61.0  126.5  6.0  7.5    0
8 2023-02-04  109.0   52.0  110.5  3.5  5.0    0
9 2023-02-05  100.5   46.0  102.0  6.0  5.0    0
**Weather**
         DATE  Max Temp (°C)  ... Min Wind Speed (Kmph) Max Wind Speed (Kmph)
31 2018-02-01           36.0  ...                     0                  15.9
32 2018-02-02           36.3  ...                     0                  15.1
33 2018-02-03           35.9  ...                   0.9                  13.3
34 2018-02-04           35.7  ...                     0                  23.6
35 2018-02-05           35.0  ...                     0                  25.8

[5 rows x 8 columns]
                   DATE       SO2        NO2  ...      PM2.5   NH3         AQI
46  2022-11-01 00:00:00  8.000000  30.000000  ...  64.000000  35.0   78.000000
47  2022-12-01 00:00:00  7.100000  29.100000  ...  56.000000  33.0  115.000000
48  2023-02-01 00:00:00  4.100000   5.700000  ...  42.220000   0.0   90.620000
49  2023-02-01 00:00:00  3.685294   5.845455  ...  41.724020   0.0   87.900000
50           2023-02-01  3.726971   5.802848  ...  40.936398   0.0   86.035612

[5 rows x 7 columns]
Start Time: 2023-03-01
Type: <class 'datetime.date'> 

***** AQI Forecast********
        Date Predictions
0 2023-03-01   81.090187
1 2023-04-01   78.959068
2 2023-05-01   78.047241
3 2023-06-01   77.658325
4 2023-07-01   77.492668
     District                 DATE  ...  Min Wind Speed (Kmph) Max Wind Speed (Kmph)
1730  Khammam  2022-09-28 00:00:00  ...                      0                  14.2
1731  Khammam  2022-09-29 00:00:00  ...                      0                  19.6
1732  Khammam  2022-09-30 00:00:00  ...                      0                    14
1733        -  2023-02-01 00:00:00  ...                      -                     -
1734        -           2023-02-01  ...                      -                     -

[5 rows x 9 columns]
Start Time: 2023-03-01
Type: <class 'datetime.date'> 

***** Weather Forecast********
        Date Predictions
0 2023-03-01   34.337502
1 2023-04-01   34.379757
2 2023-05-01   34.412712
3 2023-06-01    34.43845
4 2023-07-01   34.458572
